This is pdfTeX, Version 3.14159265-2.6-1.40.18 (MiKTeX 2.9.6500 64-bit) (preloaded format=pdflatex 2017.12.2)  27 JAN 2018 19:27
entering extended mode
**./ruoroch.tex
(ruoroch.tex
LaTeX2e <2017-04-15>
Babel <3.14> and hyphenation patterns for 75 language(s) loaded.
("C:\MiKTeX 2.9\tex\latex\base\report.cls"
Document Class: report 2014/09/29 v1.4h Standard LaTeX document class
("C:\MiKTeX 2.9\tex\latex\base\size11.clo"
File: size11.clo 2014/09/29 v1.4h Standard LaTeX file (size option)
)
\c@part=\count79
\c@chapter=\count80
\c@section=\count81
\c@subsection=\count82
\c@subsubsection=\count83
\c@paragraph=\count84
\c@subparagraph=\count85
\c@figure=\count86
\c@table=\count87
\abovecaptionskip=\skip41
\belowcaptionskip=\skip42
\bibindent=\dimen102
)
("C:\MiKTeX 2.9\tex\latex\geometry\geometry.sty"
Package: geometry 2010/09/12 v5.6 Page Geometry

("C:\MiKTeX 2.9\tex\latex\graphics\keyval.sty"
Package: keyval 2014/10/28 v1.15 key=value parser (DPC)
\KV@toks@=\toks14
)
("C:\MiKTeX 2.9\tex\generic\oberdiek\ifpdf.sty"
Package: ifpdf 2017/03/15 v3.2 Provides the ifpdf switch
)
("C:\MiKTeX 2.9\tex\generic\oberdiek\ifvtex.sty"
Package: ifvtex 2016/05/16 v1.6 Detect VTeX and its facilities (HO)
Package ifvtex Info: VTeX not detected.
)
("C:\MiKTeX 2.9\tex\generic\ifxetex\ifxetex.sty"
Package: ifxetex 2010/09/12 v0.6 Provides ifxetex conditional
)
\Gm@cnth=\count88
\Gm@cntv=\count89
\c@Gm@tempcnt=\count90
\Gm@bindingoffset=\dimen103
\Gm@wd@mp=\dimen104
\Gm@odd@mp=\dimen105
\Gm@even@mp=\dimen106
\Gm@layoutwidth=\dimen107
\Gm@layoutheight=\dimen108
\Gm@layouthoffset=\dimen109
\Gm@layoutvoffset=\dimen110
\Gm@dimlist=\toks15

("C:\MiKTeX 2.9\tex\latex\geometry\geometry.cfg"))
("C:\MiKTeX 2.9\tex\latex\siunitx\siunitx.sty"
("C:\MiKTeX 2.9\tex\latex\l3kernel\expl3.sty"
Package: expl3 2017/11/14 L3 programming layer (loader) 

("C:\MiKTeX 2.9\tex\latex\l3kernel\expl3-code.tex"
Package: expl3 2017/11/14 L3 programming layer (code)
\c_max_int=\count91
\l_tmpa_int=\count92
\l_tmpb_int=\count93
\g_tmpa_int=\count94
\g_tmpb_int=\count95
\g__intarray_font_int=\count96
\g__prg_map_int=\count97
\c_log_iow=\count98
\l_iow_line_count_int=\count99
\l__iow_line_target_int=\count100
\l__iow_one_indent_int=\count101
\l__iow_indent_int=\count102
\c_zero_dim=\dimen111
\c_max_dim=\dimen112
\l_tmpa_dim=\dimen113
\l_tmpb_dim=\dimen114
\g_tmpa_dim=\dimen115
\g_tmpb_dim=\dimen116
\c_zero_skip=\skip43
\c_max_skip=\skip44
\l_tmpa_skip=\skip45
\l_tmpb_skip=\skip46
\g_tmpa_skip=\skip47
\g_tmpb_skip=\skip48
\c_zero_muskip=\muskip10
\c_max_muskip=\muskip11
\l_tmpa_muskip=\muskip12
\l_tmpb_muskip=\muskip13
\g_tmpa_muskip=\muskip14
\g_tmpb_muskip=\muskip15
\l_keys_choice_int=\count103
\c__fp_leading_shift_int=\count104
\c__fp_middle_shift_int=\count105
\c__fp_trailing_shift_int=\count106
\c__fp_big_leading_shift_int=\count107
\c__fp_big_middle_shift_int=\count108
\c__fp_big_trailing_shift_int=\count109
\c__fp_Bigg_leading_shift_int=\count110
\c__fp_Bigg_middle_shift_int=\count111
\c__fp_Bigg_trailing_shift_int=\count112
\c__fp_rand_size_int=\count113
\c__fp_rand_four_int=\count114
\c__fp_rand_eight_int=\count115
\l__sort_length_int=\count116
\l__sort_min_int=\count117
\l__sort_top_int=\count118
\l__sort_max_int=\count119
\l__sort_true_max_int=\count120
\l__sort_block_int=\count121
\l__sort_begin_int=\count122
\l__sort_end_int=\count123
\l__sort_A_int=\count124
\l__sort_B_int=\count125
\l__sort_C_int=\count126
\l__tl_build_start_index_int=\count127
\l__tl_build_index_int=\count128
\l__tl_analysis_normal_int=\count129
\l__tl_analysis_index_int=\count130
\l__tl_analysis_nesting_int=\count131
\l__tl_analysis_type_int=\count132
\l__regex_internal_a_int=\count133
\l__regex_internal_b_int=\count134
\l__regex_internal_c_int=\count135
\l__regex_balance_int=\count136
\l__regex_group_level_int=\count137
\l__regex_mode_int=\count138
\c__regex_cs_in_class_mode_int=\count139
\c__regex_cs_mode_int=\count140
\l__regex_catcodes_int=\count141
\l__regex_default_catcodes_int=\count142
\c__regex_catcode_D_int=\count143
\c__regex_catcode_S_int=\count144
\c__regex_catcode_L_int=\count145
\c__regex_catcode_O_int=\count146
\c__regex_catcode_A_int=\count147
\c__regex_all_catcodes_int=\count148
\l__regex_show_lines_int=\count149
\l__regex_min_state_int=\count150
\l__regex_max_state_int=\count151
\l__regex_left_state_int=\count152
\l__regex_right_state_int=\count153
\l__regex_capturing_group_int=\count154
\l__regex_min_pos_int=\count155
\l__regex_max_pos_int=\count156
\l__regex_curr_pos_int=\count157
\l__regex_start_pos_int=\count158
\l__regex_success_pos_int=\count159
\l__regex_curr_char_int=\count160
\l__regex_curr_catcode_int=\count161
\l__regex_last_char_int=\count162
\l__regex_case_changed_char_int=\count163
\l__regex_curr_state_int=\count164
\l__regex_step_int=\count165
\l__regex_min_active_int=\count166
\l__regex_max_active_int=\count167
\l__regex_replacement_csnames_int=\count168
\l__regex_match_count_int=\count169
\l__regex_min_submatch_int=\count170
\l__regex_submatch_int=\count171
\l__regex_zeroth_submatch_int=\count172
\g__debug_trace_regex_int=\count173
\c_empty_box=\box26
\l_tmpa_box=\box27
\l_tmpb_box=\box28
\g_tmpa_box=\box29
\g_tmpb_box=\box30
\l__box_top_dim=\dimen117
\l__box_bottom_dim=\dimen118
\l__box_left_dim=\dimen119
\l__box_right_dim=\dimen120
\l__box_top_new_dim=\dimen121
\l__box_bottom_new_dim=\dimen122
\l__box_left_new_dim=\dimen123
\l__box_right_new_dim=\dimen124
\l__box_internal_box=\box31
\l__coffin_internal_box=\box32
\l__coffin_internal_dim=\dimen125
\l__coffin_offset_x_dim=\dimen126
\l__coffin_offset_y_dim=\dimen127
\l__coffin_x_dim=\dimen128
\l__coffin_y_dim=\dimen129
\l__coffin_x_prime_dim=\dimen130
\l__coffin_y_prime_dim=\dimen131
\c_empty_coffin=\box33
\l__coffin_aligned_coffin=\box34
\l__coffin_aligned_internal_coffin=\box35
\l_tmpa_coffin=\box36
\l_tmpb_coffin=\box37
\l__coffin_display_coffin=\box38
\l__coffin_display_coord_coffin=\box39
\l__coffin_display_pole_coffin=\box40
\l__coffin_display_offset_dim=\dimen132
\l__coffin_display_x_dim=\dimen133
\l__coffin_display_y_dim=\dimen134
\l__coffin_bounding_shift_dim=\dimen135
\l__coffin_left_corner_dim=\dimen136
\l__coffin_right_corner_dim=\dimen137
\l__coffin_bottom_corner_dim=\dimen138
\l__coffin_top_corner_dim=\dimen139
\l__coffin_scaled_total_height_dim=\dimen140
\l__coffin_scaled_width_dim=\dimen141
)
("C:\MiKTeX 2.9\tex\latex\l3kernel\l3pdfmode.def"
File: l3pdfmode.def 2017/03/18 v L3 Experimental driver: PDF mode
\l__driver_color_stack_int=\count174
\l__driver_tmp_box=\box41
))
("C:\MiKTeX 2.9\tex\latex\l3packages\xparse\xparse.sty"
Package: xparse 2017/11/14 L3 Experimental document command parser
\l__xparse_current_arg_int=\count175
\g__xparse_grabber_int=\count176
\l__xparse_m_args_int=\count177
\l__xparse_mandatory_args_int=\count178
\l__xparse_v_nesting_int=\count179
)
Package: siunitx 2017/11/26 v2.7k A comprehensive (SI) units package

("C:\MiKTeX 2.9\tex\latex\amsmath\amstext.sty"
Package: amstext 2000/06/29 v2.01 AMS text

("C:\MiKTeX 2.9\tex\latex\amsmath\amsgen.sty"
File: amsgen.sty 1999/11/30 v2.0 generic functions
\@emptytoks=\toks16
\ex@=\dimen142
))
("C:\MiKTeX 2.9\tex\latex\tools\array.sty"
Package: array 2016/10/06 v2.4d Tabular extension package (FMi)
\col@sep=\dimen143
\extrarowheight=\dimen144
\NC@list=\toks17
\extratabsurround=\skip49
\backup@length=\skip50
)
("C:\MiKTeX 2.9\tex\latex\l3packages\l3keys2e\l3keys2e.sty"
Package: l3keys2e 2017/11/14 LaTeX2e option processing using LaTeX3 keys
)
\l__siunitx_tmp_box=\box42
\l__siunitx_tmp_dim=\dimen145
\l__siunitx_tmp_int=\count180
\l__siunitx_number_mantissa_length_int=\count181
\l__siunitx_number_uncert_length_int=\count182
\l__siunitx_round_int=\count183
\l__siunitx_process_decimal_int=\count184
\l__siunitx_process_uncertainty_int=\count185
\l__siunitx_process_fixed_int=\count186
\l__siunitx_process_integer_min_int=\count187
\l__siunitx_process_precision_int=\count188
\l__siunitx_group_min_int=\count189
\l__siunitx_angle_marker_box=\box43
\l__siunitx_angle_unit_box=\box44
\l__siunitx_angle_marker_dim=\dimen146
\l__siunitx_angle_unit_dim=\dimen147
\l__siunitx_unit_int=\count190
\l__siunitx_unit_denominator_int=\count191
\l__siunitx_unit_numerator_int=\count192
\l__siunitx_unit_prefix_int=\count193
\l__siunitx_unit_prefix_base_int=\count194
\l__siunitx_unit_prefix_gram_int=\count195
\l__siunitx_number_product_int=\count196
\c__siunitx_one_fill_skip=\skip51
\l__siunitx_table_unit_align_skip=\skip52
\l__siunitx_table_exponent_dim=\dimen148
\l__siunitx_table_integer_dim=\dimen149
\l__siunitx_table_mantissa_dim=\dimen150
\l__siunitx_table_marker_dim=\dimen151
\l__siunitx_table_result_dim=\dimen152
\l__siunitx_table_uncert_dim=\dimen153
\l__siunitx_table_fill_pre_dim=\dimen154
\l__siunitx_table_fill_post_dim=\dimen155
\l__siunitx_table_fill_mid_dim=\dimen156
\l__siunitx_table_pre_box=\box45
\l__siunitx_table_post_box=\box46
\l__siunitx_table_mantissa_box=\box47
\l__siunitx_table_result_box=\box48
\l__siunitx_table_number_align_skip=\skip53
\l__siunitx_table_text_align_skip=\skip54
.................................................
. LaTeX info: "xparse/define-command"
. 
. Defining command \DeclareBinaryPrefix with sig. 'mmm' on line 7250.
.................................................
.................................................
. LaTeX info: "xparse/define-command"
. 
. Defining command \DeclareSIPostPower with sig. 'mm' on line 7253.
.................................................
.................................................
. LaTeX info: "xparse/define-command"
. 
. Defining command \DeclareSIPrefix with sig. 'mmm' on line 7256.
.................................................
.................................................
. LaTeX info: "xparse/define-command"
. 
. Defining command \DeclareSIPrePower with sig. 'mm' on line 7259.
.................................................
.................................................
. LaTeX info: "xparse/define-command"
. 
. Defining command \DeclareSIQualifier with sig. 'mm' on line 7262.
.................................................
.................................................
. LaTeX info: "xparse/define-command"
. 
. Defining command \DeclareSIUnit with sig. 'O{}mm' on line 7265.
.................................................
.................................................
. LaTeX info: "xparse/define-command"
. 
. Defining command \DeclareSIUnitWithOptions with sig. 'mmm' on line 7268.
.................................................
.................................................
. LaTeX info: "xparse/define-command"
. 
. Defining command \ang with sig. 'o>{\SplitArgument {2}{;}}m' on line 7283.
.................................................
.................................................
. LaTeX info: "xparse/define-command"
. 
. Defining command \num with sig. 'om' on line 7292.
.................................................
.................................................
. LaTeX info: "xparse/define-command"
. 
. Defining command \numlist with sig. 'o>{\SplitList {;}}m' on line 7301.
.................................................
.................................................
. LaTeX info: "xparse/define-command"
. 
. Defining command \numrange with sig. 'omm' on line 7310.
.................................................
.................................................
. LaTeX info: "xparse/define-command"
. 
. Defining command \SIlist with sig. 'o>{\SplitList {;}}mm' on line 7322.
.................................................
.................................................
. LaTeX info: "xparse/define-command"
. 
. Defining command \SIrange with sig. 'ommm' on line 7334.
.................................................
.................................................
. LaTeX info: "xparse/define-command"
. 
. Defining command \SI with sig. 'omom' on line 7346.
.................................................
.................................................
. LaTeX info: "xparse/define-command"
. 
. Defining command \sisetup with sig. 'm' on line 7349.
.................................................
.................................................
. LaTeX info: "xparse/define-command"
. 
. Defining command \tablenum with sig. 'om' on line 7364.
.................................................
.................................................
. LaTeX info: "xparse/define-command"
. 
. Defining command \si with sig. 'om' on line 7376.
.................................................
.................................................
. LaTeX info: "xparse/define-command"
. 
. Defining command \numInBookmark with sig. 'om' on line 7423.
.................................................
.................................................
. LaTeX info: "xparse/define-command"
. 
. Defining command \numrangeInBookmark with sig. 'omm' on line 7425.
.................................................
.................................................
. LaTeX info: "xparse/define-command"
. 
. Defining command \SIInBookmark with sig. 'omom' on line 7427.
.................................................
.................................................
. LaTeX info: "xparse/define-command"
. 
. Defining command \SIlistInBookmark with sig. 'omm' on line 7429.
.................................................
.................................................
. LaTeX info: "xparse/define-command"
. 
. Defining command \SIrangeInBookmark with sig. 'ommm' on line 7431.
.................................................
.................................................
. LaTeX info: "xparse/define-command"
. 
. Defining command \siInBookmark with sig. 'om' on line 7432.
.................................................
\g__file_internal_ior=\read1

(C:\Users\Marco\AppData\Roaming\MiKTeX\2.9\tex\latex\translator\translator.sty
Package: translator 2018/01/04 v1.12 Easy translation of strings in LaTeX
)) ("C:\MiKTeX 2.9\tex\latex\graphics\graphicx.sty"
Package: graphicx 2017/06/01 v1.1a Enhanced LaTeX Graphics (DPC,SPQR)

("C:\MiKTeX 2.9\tex\latex\graphics\graphics.sty"
Package: graphics 2017/06/25 v1.2c Standard LaTeX Graphics (DPC,SPQR)

("C:\MiKTeX 2.9\tex\latex\graphics\trig.sty"
Package: trig 2016/01/03 v1.10 sin cos tan (DPC)
)
("C:\MiKTeX 2.9\tex\latex\graphics-cfg\graphics.cfg"
File: graphics.cfg 2016/06/04 v1.11 sample graphics configuration
)
Package graphics Info: Driver file: pdftex.def on input line 99.

("C:\MiKTeX 2.9\tex\latex\graphics-def\pdftex.def"
File: pdftex.def 2017/06/24 v1.0g Graphics/color driver for pdftex
))
\Gin@req@height=\dimen157
\Gin@req@width=\dimen158
)
("C:\MiKTeX 2.9\tex\generic\babel\babel.sty"
Package: babel 2017/11/03 3.15 The Babel package

("C:\MiKTeX 2.9\tex\generic\babel\switch.def"
File: switch.def 2017/11/03 3.15 Babel switching mechanism
)
*************************************
* Local config file bblopts.cfg used
*
("C:\MiKTeX 2.9\tex\latex\arabi\bblopts.cfg"
File: bblopts.cfg 2005/09/08 v0.1 add Arabic and Farsi to "declared" options of
 babel
)
("C:\MiKTeX 2.9\tex\latex\babel-italian\italian.ldf"
Language: italian 2015/03/26 v1.3n Italian support from the babel system

("C:\MiKTeX 2.9\tex\generic\babel\babel.def"
File: babel.def 2017/11/03 3.15 Babel common definitions

("C:\MiKTeX 2.9\tex\generic\babel\switch.def"
File: switch.def 2017/11/03 3.15 Babel switching mechanism
)
\babel@savecnt=\count197
\U@D=\dimen159
)
\it@lettering=\count198
\it@doublequoteactive=\count199
\it@ISOcompliance=\count266
))
("C:\MiKTeX 2.9\tex\latex\etoolbox\etoolbox.sty"
Package: etoolbox 2017/11/22 v2.5 e-TeX tools for LaTeX (JAW)
\etb@tempcnta=\count267
)
("C:\MiKTeX 2.9\tex\latex\base\inputenc.sty"
Package: inputenc 2015/03/17 v1.2c Input encoding file
\inpenc@prehook=\toks18
\inpenc@posthook=\toks19

("C:\MiKTeX 2.9\tex\latex\base\utf8.def"
File: utf8.def 2017/01/28 v1.1t UTF-8 support for inputenc
Now handling font encoding OML ...
... no UTF-8 mapping file for font encoding OML
Now handling font encoding T1 ...
... processing UTF-8 mapping file for font encoding T1

("C:\MiKTeX 2.9\tex\latex\base\t1enc.dfu"
File: t1enc.dfu 2017/01/28 v1.1t UTF-8 support for inputenc
   defining Unicode char U+00A0 (decimal 160)
   defining Unicode char U+00A1 (decimal 161)
   defining Unicode char U+00A3 (decimal 163)
   defining Unicode char U+00AB (decimal 171)
   defining Unicode char U+00AD (decimal 173)
   defining Unicode char U+00BB (decimal 187)
   defining Unicode char U+00BF (decimal 191)
   defining Unicode char U+00C0 (decimal 192)
   defining Unicode char U+00C1 (decimal 193)
   defining Unicode char U+00C2 (decimal 194)
   defining Unicode char U+00C3 (decimal 195)
   defining Unicode char U+00C4 (decimal 196)
   defining Unicode char U+00C5 (decimal 197)
   defining Unicode char U+00C6 (decimal 198)
   defining Unicode char U+00C7 (decimal 199)
   defining Unicode char U+00C8 (decimal 200)
   defining Unicode char U+00C9 (decimal 201)
   defining Unicode char U+00CA (decimal 202)
   defining Unicode char U+00CB (decimal 203)
   defining Unicode char U+00CC (decimal 204)
   defining Unicode char U+00CD (decimal 205)
   defining Unicode char U+00CE (decimal 206)
   defining Unicode char U+00CF (decimal 207)
   defining Unicode char U+00D0 (decimal 208)
   defining Unicode char U+00D1 (decimal 209)
   defining Unicode char U+00D2 (decimal 210)
   defining Unicode char U+00D3 (decimal 211)
   defining Unicode char U+00D4 (decimal 212)
   defining Unicode char U+00D5 (decimal 213)
   defining Unicode char U+00D6 (decimal 214)
   defining Unicode char U+00D8 (decimal 216)
   defining Unicode char U+00D9 (decimal 217)
   defining Unicode char U+00DA (decimal 218)
   defining Unicode char U+00DB (decimal 219)
   defining Unicode char U+00DC (decimal 220)
   defining Unicode char U+00DD (decimal 221)
   defining Unicode char U+00DE (decimal 222)
   defining Unicode char U+00DF (decimal 223)
   defining Unicode char U+00E0 (decimal 224)
   defining Unicode char U+00E1 (decimal 225)
   defining Unicode char U+00E2 (decimal 226)
   defining Unicode char U+00E3 (decimal 227)
   defining Unicode char U+00E4 (decimal 228)
   defining Unicode char U+00E5 (decimal 229)
   defining Unicode char U+00E6 (decimal 230)
   defining Unicode char U+00E7 (decimal 231)
   defining Unicode char U+00E8 (decimal 232)
   defining Unicode char U+00E9 (decimal 233)
   defining Unicode char U+00EA (decimal 234)
   defining Unicode char U+00EB (decimal 235)
   defining Unicode char U+00EC (decimal 236)
   defining Unicode char U+00ED (decimal 237)
   defining Unicode char U+00EE (decimal 238)
   defining Unicode char U+00EF (decimal 239)
   defining Unicode char U+00F0 (decimal 240)
   defining Unicode char U+00F1 (decimal 241)
   defining Unicode char U+00F2 (decimal 242)
   defining Unicode char U+00F3 (decimal 243)
   defining Unicode char U+00F4 (decimal 244)
   defining Unicode char U+00F5 (decimal 245)
   defining Unicode char U+00F6 (decimal 246)
   defining Unicode char U+00F8 (decimal 248)
   defining Unicode char U+00F9 (decimal 249)
   defining Unicode char U+00FA (decimal 250)
   defining Unicode char U+00FB (decimal 251)
   defining Unicode char U+00FC (decimal 252)
   defining Unicode char U+00FD (decimal 253)
   defining Unicode char U+00FE (decimal 254)
   defining Unicode char U+00FF (decimal 255)
   defining Unicode char U+0100 (decimal 256)
   defining Unicode char U+0101 (decimal 257)
   defining Unicode char U+0102 (decimal 258)
   defining Unicode char U+0103 (decimal 259)
   defining Unicode char U+0104 (decimal 260)
   defining Unicode char U+0105 (decimal 261)
   defining Unicode char U+0106 (decimal 262)
   defining Unicode char U+0107 (decimal 263)
   defining Unicode char U+0108 (decimal 264)
   defining Unicode char U+0109 (decimal 265)
   defining Unicode char U+010A (decimal 266)
   defining Unicode char U+010B (decimal 267)
   defining Unicode char U+010C (decimal 268)
   defining Unicode char U+010D (decimal 269)
   defining Unicode char U+010E (decimal 270)
   defining Unicode char U+010F (decimal 271)
   defining Unicode char U+0110 (decimal 272)
   defining Unicode char U+0111 (decimal 273)
   defining Unicode char U+0112 (decimal 274)
   defining Unicode char U+0113 (decimal 275)
   defining Unicode char U+0114 (decimal 276)
   defining Unicode char U+0115 (decimal 277)
   defining Unicode char U+0116 (decimal 278)
   defining Unicode char U+0117 (decimal 279)
   defining Unicode char U+0118 (decimal 280)
   defining Unicode char U+0119 (decimal 281)
   defining Unicode char U+011A (decimal 282)
   defining Unicode char U+011B (decimal 283)
   defining Unicode char U+011C (decimal 284)
   defining Unicode char U+011D (decimal 285)
   defining Unicode char U+011E (decimal 286)
   defining Unicode char U+011F (decimal 287)
   defining Unicode char U+0120 (decimal 288)
   defining Unicode char U+0121 (decimal 289)
   defining Unicode char U+0122 (decimal 290)
   defining Unicode char U+0123 (decimal 291)
   defining Unicode char U+0124 (decimal 292)
   defining Unicode char U+0125 (decimal 293)
   defining Unicode char U+0128 (decimal 296)
   defining Unicode char U+0129 (decimal 297)
   defining Unicode char U+012A (decimal 298)
   defining Unicode char U+012B (decimal 299)
   defining Unicode char U+012C (decimal 300)
   defining Unicode char U+012D (decimal 301)
   defining Unicode char U+012E (decimal 302)
   defining Unicode char U+012F (decimal 303)
   defining Unicode char U+0130 (decimal 304)
   defining Unicode char U+0131 (decimal 305)
   defining Unicode char U+0132 (decimal 306)
   defining Unicode char U+0133 (decimal 307)
   defining Unicode char U+0134 (decimal 308)
   defining Unicode char U+0135 (decimal 309)
   defining Unicode char U+0136 (decimal 310)
   defining Unicode char U+0137 (decimal 311)
   defining Unicode char U+0139 (decimal 313)
   defining Unicode char U+013A (decimal 314)
   defining Unicode char U+013B (decimal 315)
   defining Unicode char U+013C (decimal 316)
   defining Unicode char U+013D (decimal 317)
   defining Unicode char U+013E (decimal 318)
   defining Unicode char U+0141 (decimal 321)
   defining Unicode char U+0142 (decimal 322)
   defining Unicode char U+0143 (decimal 323)
   defining Unicode char U+0144 (decimal 324)
   defining Unicode char U+0145 (decimal 325)
   defining Unicode char U+0146 (decimal 326)
   defining Unicode char U+0147 (decimal 327)
   defining Unicode char U+0148 (decimal 328)
   defining Unicode char U+014A (decimal 330)
   defining Unicode char U+014B (decimal 331)
   defining Unicode char U+014C (decimal 332)
   defining Unicode char U+014D (decimal 333)
   defining Unicode char U+014E (decimal 334)
   defining Unicode char U+014F (decimal 335)
   defining Unicode char U+0150 (decimal 336)
   defining Unicode char U+0151 (decimal 337)
   defining Unicode char U+0152 (decimal 338)
   defining Unicode char U+0153 (decimal 339)
   defining Unicode char U+0154 (decimal 340)
   defining Unicode char U+0155 (decimal 341)
   defining Unicode char U+0156 (decimal 342)
   defining Unicode char U+0157 (decimal 343)
   defining Unicode char U+0158 (decimal 344)
   defining Unicode char U+0159 (decimal 345)
   defining Unicode char U+015A (decimal 346)
   defining Unicode char U+015B (decimal 347)
   defining Unicode char U+015C (decimal 348)
   defining Unicode char U+015D (decimal 349)
   defining Unicode char U+015E (decimal 350)
   defining Unicode char U+015F (decimal 351)
   defining Unicode char U+0160 (decimal 352)
   defining Unicode char U+0161 (decimal 353)
   defining Unicode char U+0162 (decimal 354)
   defining Unicode char U+0163 (decimal 355)
   defining Unicode char U+0164 (decimal 356)
   defining Unicode char U+0165 (decimal 357)
   defining Unicode char U+0168 (decimal 360)
   defining Unicode char U+0169 (decimal 361)
   defining Unicode char U+016A (decimal 362)
   defining Unicode char U+016B (decimal 363)
   defining Unicode char U+016C (decimal 364)
   defining Unicode char U+016D (decimal 365)
   defining Unicode char U+016E (decimal 366)
   defining Unicode char U+016F (decimal 367)
   defining Unicode char U+0170 (decimal 368)
   defining Unicode char U+0171 (decimal 369)
   defining Unicode char U+0172 (decimal 370)
   defining Unicode char U+0173 (decimal 371)
   defining Unicode char U+0174 (decimal 372)
   defining Unicode char U+0175 (decimal 373)
   defining Unicode char U+0176 (decimal 374)
   defining Unicode char U+0177 (decimal 375)
   defining Unicode char U+0178 (decimal 376)
   defining Unicode char U+0179 (decimal 377)
   defining Unicode char U+017A (decimal 378)
   defining Unicode char U+017B (decimal 379)
   defining Unicode char U+017C (decimal 380)
   defining Unicode char U+017D (decimal 381)
   defining Unicode char U+017E (decimal 382)
   defining Unicode char U+01CD (decimal 461)
   defining Unicode char U+01CE (decimal 462)
   defining Unicode char U+01CF (decimal 463)
   defining Unicode char U+01D0 (decimal 464)
   defining Unicode char U+01D1 (decimal 465)
   defining Unicode char U+01D2 (decimal 466)
   defining Unicode char U+01D3 (decimal 467)
   defining Unicode char U+01D4 (decimal 468)
   defining Unicode char U+01E2 (decimal 482)
   defining Unicode char U+01E3 (decimal 483)
   defining Unicode char U+01E6 (decimal 486)
   defining Unicode char U+01E7 (decimal 487)
   defining Unicode char U+01E8 (decimal 488)
   defining Unicode char U+01E9 (decimal 489)
   defining Unicode char U+01EA (decimal 490)
   defining Unicode char U+01EB (decimal 491)
   defining Unicode char U+01F0 (decimal 496)
   defining Unicode char U+01F4 (decimal 500)
   defining Unicode char U+01F5 (decimal 501)
   defining Unicode char U+0218 (decimal 536)
   defining Unicode char U+0219 (decimal 537)
   defining Unicode char U+021A (decimal 538)
   defining Unicode char U+021B (decimal 539)
   defining Unicode char U+0232 (decimal 562)
   defining Unicode char U+0233 (decimal 563)
   defining Unicode char U+1E02 (decimal 7682)
   defining Unicode char U+1E03 (decimal 7683)
   defining Unicode char U+200C (decimal 8204)
   defining Unicode char U+2010 (decimal 8208)
   defining Unicode char U+2011 (decimal 8209)
   defining Unicode char U+2012 (decimal 8210)
   defining Unicode char U+2013 (decimal 8211)
   defining Unicode char U+2014 (decimal 8212)
   defining Unicode char U+2015 (decimal 8213)
   defining Unicode char U+2018 (decimal 8216)
   defining Unicode char U+2019 (decimal 8217)
   defining Unicode char U+201A (decimal 8218)
   defining Unicode char U+201C (decimal 8220)
   defining Unicode char U+201D (decimal 8221)
   defining Unicode char U+201E (decimal 8222)
   defining Unicode char U+2030 (decimal 8240)
   defining Unicode char U+2031 (decimal 8241)
   defining Unicode char U+2039 (decimal 8249)
   defining Unicode char U+203A (decimal 8250)
   defining Unicode char U+2423 (decimal 9251)
   defining Unicode char U+1E20 (decimal 7712)
   defining Unicode char U+1E21 (decimal 7713)
)
Now handling font encoding OT1 ...
... processing UTF-8 mapping file for font encoding OT1

("C:\MiKTeX 2.9\tex\latex\base\ot1enc.dfu"
File: ot1enc.dfu 2017/01/28 v1.1t UTF-8 support for inputenc
   defining Unicode char U+00A0 (decimal 160)
   defining Unicode char U+00A1 (decimal 161)
   defining Unicode char U+00A3 (decimal 163)
   defining Unicode char U+00AD (decimal 173)
   defining Unicode char U+00B8 (decimal 184)
   defining Unicode char U+00BF (decimal 191)
   defining Unicode char U+00C5 (decimal 197)
   defining Unicode char U+00C6 (decimal 198)
   defining Unicode char U+00D8 (decimal 216)
   defining Unicode char U+00DF (decimal 223)
   defining Unicode char U+00E6 (decimal 230)
   defining Unicode char U+00EC (decimal 236)
   defining Unicode char U+00ED (decimal 237)
   defining Unicode char U+00EE (decimal 238)
   defining Unicode char U+00EF (decimal 239)
   defining Unicode char U+00F8 (decimal 248)
   defining Unicode char U+0131 (decimal 305)
   defining Unicode char U+0141 (decimal 321)
   defining Unicode char U+0142 (decimal 322)
   defining Unicode char U+0152 (decimal 338)
   defining Unicode char U+0153 (decimal 339)
   defining Unicode char U+0174 (decimal 372)
   defining Unicode char U+0175 (decimal 373)
   defining Unicode char U+0176 (decimal 374)
   defining Unicode char U+0177 (decimal 375)
   defining Unicode char U+0218 (decimal 536)
   defining Unicode char U+0219 (decimal 537)
   defining Unicode char U+021A (decimal 538)
   defining Unicode char U+021B (decimal 539)
   defining Unicode char U+2013 (decimal 8211)
   defining Unicode char U+2014 (decimal 8212)
   defining Unicode char U+2018 (decimal 8216)
   defining Unicode char U+2019 (decimal 8217)
   defining Unicode char U+201C (decimal 8220)
   defining Unicode char U+201D (decimal 8221)
)
Now handling font encoding OMS ...
... processing UTF-8 mapping file for font encoding OMS

("C:\MiKTeX 2.9\tex\latex\base\omsenc.dfu"
File: omsenc.dfu 2017/01/28 v1.1t UTF-8 support for inputenc
   defining Unicode char U+00A7 (decimal 167)
   defining Unicode char U+00B6 (decimal 182)
   defining Unicode char U+00B7 (decimal 183)
   defining Unicode char U+2020 (decimal 8224)
   defining Unicode char U+2021 (decimal 8225)
   defining Unicode char U+2022 (decimal 8226)
)
Now handling font encoding OMX ...
... no UTF-8 mapping file for font encoding OMX
Now handling font encoding U ...
... no UTF-8 mapping file for font encoding U
   defining Unicode char U+00A9 (decimal 169)
   defining Unicode char U+00AA (decimal 170)
   defining Unicode char U+00AE (decimal 174)
   defining Unicode char U+00BA (decimal 186)
   defining Unicode char U+02C6 (decimal 710)
   defining Unicode char U+02DC (decimal 732)
   defining Unicode char U+200C (decimal 8204)
   defining Unicode char U+2026 (decimal 8230)
   defining Unicode char U+2122 (decimal 8482)
   defining Unicode char U+2423 (decimal 9251)
))
("C:\MiKTeX 2.9\tex\latex\amsmath\amsmath.sty"
Package: amsmath 2017/09/02 v2.17a AMS math features
\@mathmargin=\skip55

For additional information on amsmath, use the `?' option.
("C:\MiKTeX 2.9\tex\latex\amsmath\amsbsy.sty"
Package: amsbsy 1999/11/29 v1.2d Bold Symbols
\pmbraise@=\dimen160
)
("C:\MiKTeX 2.9\tex\latex\amsmath\amsopn.sty"
Package: amsopn 2016/03/08 v2.02 operator names
)
\inf@bad=\count268
LaTeX Info: Redefining \frac on input line 213.
\uproot@=\count269
\leftroot@=\count270
LaTeX Info: Redefining \overline on input line 375.
\classnum@=\count271
\DOTSCASE@=\count272
LaTeX Info: Redefining \ldots on input line 472.
LaTeX Info: Redefining \dots on input line 475.
LaTeX Info: Redefining \cdots on input line 596.
\Mathstrutbox@=\box49
\strutbox@=\box50
\big@size=\dimen161
LaTeX Font Info:    Redeclaring font encoding OML on input line 712.
LaTeX Font Info:    Redeclaring font encoding OMS on input line 713.
\macc@depth=\count273
\c@MaxMatrixCols=\count274
\dotsspace@=\muskip16
\c@parentequation=\count275
\dspbrk@lvl=\count276
\tag@help=\toks20
\row@=\count277
\column@=\count278
\maxfields@=\count279
\andhelp@=\toks21
\eqnshift@=\dimen162
\alignsep@=\dimen163
\tagshift@=\dimen164
\tagwidth@=\dimen165
\totwidth@=\dimen166
\lineht@=\dimen167
\@envbody=\toks22
\multlinegap=\skip56
\multlinetaggap=\skip57
\mathdisplay@stack=\toks23
LaTeX Info: Redefining \[ on input line 2817.
LaTeX Info: Redefining \] on input line 2818.
)
("C:\MiKTeX 2.9\tex\latex\float\float.sty"
Package: float 2001/11/08 v1.3d Float enhancements (AL)
\c@float@type=\count280
\float@exts=\toks24
\float@box=\box51
\@float@everytoks=\toks25
\@floatcapt=\box52
)
("C:\MiKTeX 2.9\tex\latex\circuitikz\circuitikz.sty"
Package: circuitikz 2017/05/28{} The CircuiTikz circuit drawing package version
 0.8.3

("C:\MiKTeX 2.9\tex\latex\pgf\frontendlayer\tikz.sty"
("C:\MiKTeX 2.9\tex\latex\pgf\basiclayer\pgf.sty"
("C:\MiKTeX 2.9\tex\latex\pgf\utilities\pgfrcs.sty"
("C:\MiKTeX 2.9\tex\generic\pgf\utilities\pgfutil-common.tex"
\pgfutil@everybye=\toks26
\pgfutil@tempdima=\dimen168
\pgfutil@tempdimb=\dimen169

("C:\MiKTeX 2.9\tex\generic\pgf\utilities\pgfutil-common-lists.tex"))
("C:\MiKTeX 2.9\tex\generic\pgf\utilities\pgfutil-latex.def"
\pgfutil@abb=\box53

("C:\MiKTeX 2.9\tex\latex\ms\everyshi.sty"
Package: everyshi 2001/05/15 v3.00 EveryShipout Package (MS)
))
("C:\MiKTeX 2.9\tex\generic\pgf\utilities\pgfrcs.code.tex"
Package: pgfrcs 2015/08/07 v3.0.1a (rcs-revision 1.31)
))
Package: pgf 2015/08/07 v3.0.1a (rcs-revision 1.15)

("C:\MiKTeX 2.9\tex\latex\pgf\basiclayer\pgfcore.sty"
("C:\MiKTeX 2.9\tex\latex\pgf\systemlayer\pgfsys.sty"
("C:\MiKTeX 2.9\tex\generic\pgf\systemlayer\pgfsys.code.tex"
Package: pgfsys 2014/07/09 v3.0.1a (rcs-revision 1.48)

("C:\MiKTeX 2.9\tex\generic\pgf\utilities\pgfkeys.code.tex"
\pgfkeys@pathtoks=\toks27
\pgfkeys@temptoks=\toks28

("C:\MiKTeX 2.9\tex\generic\pgf\utilities\pgfkeysfiltered.code.tex"
\pgfkeys@tmptoks=\toks29
))
\pgf@x=\dimen170
\pgf@y=\dimen171
\pgf@xa=\dimen172
\pgf@ya=\dimen173
\pgf@xb=\dimen174
\pgf@yb=\dimen175
\pgf@xc=\dimen176
\pgf@yc=\dimen177
\w@pgf@writea=\write3
\r@pgf@reada=\read2
\c@pgf@counta=\count281
\c@pgf@countb=\count282
\c@pgf@countc=\count283
\c@pgf@countd=\count284
\t@pgf@toka=\toks30
\t@pgf@tokb=\toks31
\t@pgf@tokc=\toks32

("C:\MiKTeX 2.9\tex\generic\pgf\systemlayer\pgf.cfg"
File: pgf.cfg 2008/05/14  (rcs-revision 1.7)
)
Driver file for pgf: pgfsys-pdftex.def

("C:\MiKTeX 2.9\tex\generic\pgf\systemlayer\pgfsys-pdftex.def"
File: pgfsys-pdftex.def 2014/10/11  (rcs-revision 1.35)

("C:\MiKTeX 2.9\tex\generic\pgf\systemlayer\pgfsys-common-pdf.def"
File: pgfsys-common-pdf.def 2013/10/10  (rcs-revision 1.13)
)))
("C:\MiKTeX 2.9\tex\generic\pgf\systemlayer\pgfsyssoftpath.code.tex"
File: pgfsyssoftpath.code.tex 2013/09/09  (rcs-revision 1.9)
\pgfsyssoftpath@smallbuffer@items=\count285
\pgfsyssoftpath@bigbuffer@items=\count286
)
("C:\MiKTeX 2.9\tex\generic\pgf\systemlayer\pgfsysprotocol.code.tex"
File: pgfsysprotocol.code.tex 2006/10/16  (rcs-revision 1.4)
))
("C:\MiKTeX 2.9\tex\latex\xcolor\xcolor.sty"
Package: xcolor 2016/05/11 v2.12 LaTeX color extensions (UK)

("C:\MiKTeX 2.9\tex\latex\graphics-cfg\color.cfg"
File: color.cfg 2016/01/02 v1.6 sample color configuration
)
Package xcolor Info: Driver file: pdftex.def on input line 225.
Package xcolor Info: Model `cmy' substituted by `cmy0' on input line 1348.
Package xcolor Info: Model `hsb' substituted by `rgb' on input line 1352.
Package xcolor Info: Model `RGB' extended on input line 1364.
Package xcolor Info: Model `HTML' substituted by `rgb' on input line 1366.
Package xcolor Info: Model `Hsb' substituted by `hsb' on input line 1367.
Package xcolor Info: Model `tHsb' substituted by `hsb' on input line 1368.
Package xcolor Info: Model `HSB' substituted by `hsb' on input line 1369.
Package xcolor Info: Model `Gray' substituted by `gray' on input line 1370.
Package xcolor Info: Model `wave' substituted by `hsb' on input line 1371.
)
("C:\MiKTeX 2.9\tex\generic\pgf\basiclayer\pgfcore.code.tex"
Package: pgfcore 2010/04/11 v3.0.1a (rcs-revision 1.7)

("C:\MiKTeX 2.9\tex\generic\pgf\math\pgfmath.code.tex"
("C:\MiKTeX 2.9\tex\generic\pgf\math\pgfmathcalc.code.tex"
("C:\MiKTeX 2.9\tex\generic\pgf\math\pgfmathutil.code.tex")
("C:\MiKTeX 2.9\tex\generic\pgf\math\pgfmathparser.code.tex"
\pgfmath@dimen=\dimen178
\pgfmath@count=\count287
\pgfmath@box=\box54
\pgfmath@toks=\toks33
\pgfmath@stack@operand=\toks34
\pgfmath@stack@operation=\toks35
)
("C:\MiKTeX 2.9\tex\generic\pgf\math\pgfmathfunctions.code.tex"
("C:\MiKTeX 2.9\tex\generic\pgf\math\pgfmathfunctions.basic.code.tex")
("C:\MiKTeX 2.9\tex\generic\pgf\math\pgfmathfunctions.trigonometric.code.tex")
("C:\MiKTeX 2.9\tex\generic\pgf\math\pgfmathfunctions.random.code.tex")
("C:\MiKTeX 2.9\tex\generic\pgf\math\pgfmathfunctions.comparison.code.tex")
("C:\MiKTeX 2.9\tex\generic\pgf\math\pgfmathfunctions.base.code.tex")
("C:\MiKTeX 2.9\tex\generic\pgf\math\pgfmathfunctions.round.code.tex")
("C:\MiKTeX 2.9\tex\generic\pgf\math\pgfmathfunctions.misc.code.tex")
("C:\MiKTeX 2.9\tex\generic\pgf\math\pgfmathfunctions.integerarithmetics.code.t
ex"))) ("C:\MiKTeX 2.9\tex\generic\pgf\math\pgfmathfloat.code.tex"
\c@pgfmathroundto@lastzeros=\count288
))
("C:\MiKTeX 2.9\tex\generic\pgf\basiclayer\pgfcorepoints.code.tex"
File: pgfcorepoints.code.tex 2013/10/07  (rcs-revision 1.27)
\pgf@picminx=\dimen179
\pgf@picmaxx=\dimen180
\pgf@picminy=\dimen181
\pgf@picmaxy=\dimen182
\pgf@pathminx=\dimen183
\pgf@pathmaxx=\dimen184
\pgf@pathminy=\dimen185
\pgf@pathmaxy=\dimen186
\pgf@xx=\dimen187
\pgf@xy=\dimen188
\pgf@yx=\dimen189
\pgf@yy=\dimen190
\pgf@zx=\dimen191
\pgf@zy=\dimen192
)
("C:\MiKTeX 2.9\tex\generic\pgf\basiclayer\pgfcorepathconstruct.code.tex"
File: pgfcorepathconstruct.code.tex 2013/10/07  (rcs-revision 1.29)
\pgf@path@lastx=\dimen193
\pgf@path@lasty=\dimen194
)
("C:\MiKTeX 2.9\tex\generic\pgf\basiclayer\pgfcorepathusage.code.tex"
File: pgfcorepathusage.code.tex 2014/11/02  (rcs-revision 1.24)
\pgf@shorten@end@additional=\dimen195
\pgf@shorten@start@additional=\dimen196
)
("C:\MiKTeX 2.9\tex\generic\pgf\basiclayer\pgfcorescopes.code.tex"
File: pgfcorescopes.code.tex 2015/05/08  (rcs-revision 1.46)
\pgfpic=\box55
\pgf@hbox=\box56
\pgf@layerbox@main=\box57
\pgf@picture@serial@count=\count289
)
("C:\MiKTeX 2.9\tex\generic\pgf\basiclayer\pgfcoregraphicstate.code.tex"
File: pgfcoregraphicstate.code.tex 2014/11/02  (rcs-revision 1.12)
\pgflinewidth=\dimen197
)
("C:\MiKTeX 2.9\tex\generic\pgf\basiclayer\pgfcoretransformations.code.tex"
File: pgfcoretransformations.code.tex 2015/08/07  (rcs-revision 1.20)
\pgf@pt@x=\dimen198
\pgf@pt@y=\dimen199
\pgf@pt@temp=\dimen256
)
("C:\MiKTeX 2.9\tex\generic\pgf\basiclayer\pgfcorequick.code.tex"
File: pgfcorequick.code.tex 2008/10/09  (rcs-revision 1.3)
)
("C:\MiKTeX 2.9\tex\generic\pgf\basiclayer\pgfcoreobjects.code.tex"
File: pgfcoreobjects.code.tex 2006/10/11  (rcs-revision 1.2)
)
("C:\MiKTeX 2.9\tex\generic\pgf\basiclayer\pgfcorepathprocessing.code.tex"
File: pgfcorepathprocessing.code.tex 2013/09/09  (rcs-revision 1.9)
)
("C:\MiKTeX 2.9\tex\generic\pgf\basiclayer\pgfcorearrows.code.tex"
File: pgfcorearrows.code.tex 2015/05/14  (rcs-revision 1.43)
\pgfarrowsep=\dimen257
)
("C:\MiKTeX 2.9\tex\generic\pgf\basiclayer\pgfcoreshade.code.tex"
File: pgfcoreshade.code.tex 2013/07/15  (rcs-revision 1.15)
\pgf@max=\dimen258
\pgf@sys@shading@range@num=\count290
)
("C:\MiKTeX 2.9\tex\generic\pgf\basiclayer\pgfcoreimage.code.tex"
File: pgfcoreimage.code.tex 2013/07/15  (rcs-revision 1.18)

("C:\MiKTeX 2.9\tex\generic\pgf\basiclayer\pgfcoreexternal.code.tex"
File: pgfcoreexternal.code.tex 2014/07/09  (rcs-revision 1.21)
\pgfexternal@startupbox=\box58
))
("C:\MiKTeX 2.9\tex\generic\pgf\basiclayer\pgfcorelayers.code.tex"
File: pgfcorelayers.code.tex 2013/07/18  (rcs-revision 1.7)
)
("C:\MiKTeX 2.9\tex\generic\pgf\basiclayer\pgfcoretransparency.code.tex"
File: pgfcoretransparency.code.tex 2013/09/30  (rcs-revision 1.5)
)
("C:\MiKTeX 2.9\tex\generic\pgf\basiclayer\pgfcorepatterns.code.tex"
File: pgfcorepatterns.code.tex 2013/11/07  (rcs-revision 1.5)
)))
("C:\MiKTeX 2.9\tex\generic\pgf\modules\pgfmoduleshapes.code.tex"
File: pgfmoduleshapes.code.tex 2014/03/21  (rcs-revision 1.35)
\pgfnodeparttextbox=\box59
)
("C:\MiKTeX 2.9\tex\generic\pgf\modules\pgfmoduleplot.code.tex"
File: pgfmoduleplot.code.tex 2015/08/03  (rcs-revision 1.13)
)
("C:\MiKTeX 2.9\tex\latex\pgf\compatibility\pgfcomp-version-0-65.sty"
Package: pgfcomp-version-0-65 2007/07/03 v3.0.1a (rcs-revision 1.7)
\pgf@nodesepstart=\dimen259
\pgf@nodesepend=\dimen260
)
("C:\MiKTeX 2.9\tex\latex\pgf\compatibility\pgfcomp-version-1-18.sty"
Package: pgfcomp-version-1-18 2007/07/23 v3.0.1a (rcs-revision 1.1)
))
("C:\MiKTeX 2.9\tex\latex\pgf\utilities\pgffor.sty"
("C:\MiKTeX 2.9\tex\latex\pgf\utilities\pgfkeys.sty"
("C:\MiKTeX 2.9\tex\generic\pgf\utilities\pgfkeys.code.tex"))
("C:\MiKTeX 2.9\tex\latex\pgf\math\pgfmath.sty"
("C:\MiKTeX 2.9\tex\generic\pgf\math\pgfmath.code.tex"))
("C:\MiKTeX 2.9\tex\generic\pgf\utilities\pgffor.code.tex"
Package: pgffor 2013/12/13 v3.0.1a (rcs-revision 1.25)

("C:\MiKTeX 2.9\tex\generic\pgf\math\pgfmath.code.tex")
\pgffor@iter=\dimen261
\pgffor@skip=\dimen262
\pgffor@stack=\toks36
\pgffor@toks=\toks37
))
("C:\MiKTeX 2.9\tex\generic\pgf\frontendlayer\tikz\tikz.code.tex"
Package: tikz 2015/08/07 v3.0.1a (rcs-revision 1.151)

("C:\MiKTeX 2.9\tex\generic\pgf\libraries\pgflibraryplothandlers.code.tex"
File: pgflibraryplothandlers.code.tex 2013/08/31 v3.0.1a (rcs-revision 1.20)
\pgf@plot@mark@count=\count291
\pgfplotmarksize=\dimen263
)
\tikz@lastx=\dimen264
\tikz@lasty=\dimen265
\tikz@lastxsaved=\dimen266
\tikz@lastysaved=\dimen267
\tikzleveldistance=\dimen268
\tikzsiblingdistance=\dimen269
\tikz@figbox=\box60
\tikz@figbox@bg=\box61
\tikz@tempbox=\box62
\tikz@tempbox@bg=\box63
\tikztreelevel=\count292
\tikznumberofchildren=\count293
\tikznumberofcurrentchild=\count294
\tikz@fig@count=\count295

("C:\MiKTeX 2.9\tex\generic\pgf\modules\pgfmodulematrix.code.tex"
File: pgfmodulematrix.code.tex 2013/09/17  (rcs-revision 1.8)
\pgfmatrixcurrentrow=\count296
\pgfmatrixcurrentcolumn=\count297
\pgf@matrix@numberofcolumns=\count298
)
\tikz@expandcount=\count299

("C:\MiKTeX 2.9\tex\generic\pgf\frontendlayer\tikz\libraries\tikzlibrarytopaths
.code.tex"
File: tikzlibrarytopaths.code.tex 2008/06/17 v3.0.1a (rcs-revision 1.2)
)))
("C:\MiKTeX 2.9\tex\generic\pgf\frontendlayer\tikz\libraries\tikzlibrarycalc.co
de.tex"
File: tikzlibrarycalc.code.tex 2013/07/15 v3.0.1a (rcs-revision 1.9)
) ("C:\MiKTeX 2.9\tex\generic\pgf\libraries\pgflibraryarrows.code.tex"
File: pgflibraryarrows.code.tex 2013/09/23 v3.0.1a (rcs-revision 1.16)
\arrowsize=\dimen270
)
("C:\MiKTeX 2.9\tex\generic\circuitikz\pgfcirc.defines.tex"
\pgf@circ@res@up=\dimen271
\pgf@circ@res@down=\dimen272
\pgf@circ@res@zero=\dimen273
\pgf@circ@res@left=\dimen274
\pgf@circ@res@right=\dimen275
\pgf@circ@res@other=\dimen276
\pgf@circ@res@step=\dimen277
\pgf@circ@res@temp=\dimen278
\pgfstartlinewidth=\dimen279
\pgf@circ@Rlen=\dimen280
)
("C:\MiKTeX 2.9\tex\generic\circuitikz\pgfcircutils.tex")
("C:\MiKTeX 2.9\tex\generic\circuitikz\pgfcircshapes.tex")
("C:\MiKTeX 2.9\tex\generic\circuitikz\pgfcircmonopoles.tex")
("C:\MiKTeX 2.9\tex\generic\circuitikz\pgfcircbipoles.tex")
("C:\MiKTeX 2.9\tex\generic\circuitikz\pgfcirctripoles.tex")
("C:\MiKTeX 2.9\tex\generic\circuitikz\pgfcircquadpoles.tex")
("C:\MiKTeX 2.9\tex\generic\circuitikz\pgfcirclabel.tex")
("C:\MiKTeX 2.9\tex\generic\circuitikz\pgfcircvoltage.tex")
("C:\MiKTeX 2.9\tex\generic\circuitikz\pgfcirccurrent.tex")
("C:\MiKTeX 2.9\tex\generic\circuitikz\pgfcircflow.tex")
("C:\MiKTeX 2.9\tex\generic\circuitikz\pgfcircpath.tex"))
("C:\MiKTeX 2.9\tex\latex\pgfplots\pgfplots.sty"
("C:\MiKTeX 2.9\tex\generic\pgfplots\pgfplots.revision.tex")
Package: pgfplots 2017/06/05 v1.15 Data Visualization (1.15)

("C:\MiKTeX 2.9\tex\generic\pgfplots\pgfplots.code.tex"
("C:\MiKTeX 2.9\tex\generic\pgfplots\pgfplotscore.code.tex"
\t@pgfplots@toka=\toks38
\t@pgfplots@tokb=\toks39
\t@pgfplots@tokc=\toks40
\pgfplots@tmpa=\dimen281
\c@pgfplots@coordindex=\count300
\c@pgfplots@scanlineindex=\count301

("C:\MiKTeX 2.9\tex\generic\pgfplots\sys\pgfplotssysgeneric.code.tex"))
("C:\MiKTeX 2.9\tex\generic\pgfplots\libs\pgfplotslibrary.code.tex")
("C:\MiKTeX 2.9\tex\generic\pgfplots\oldpgfcompatib\pgfplotsoldpgfsupp_loader.c
ode.tex" ("C:\MiKTeX 2.9\tex\generic\pgf\libraries\pgflibraryfpu.code.tex")
Package pgfplots: loading complementary arithmetics for your pgf version...

("C:\MiKTeX 2.9\tex\generic\pgfplots\oldpgfcompatib\pgfplotsoldpgfsupp_pgflibra
ryfpu.code.tex")
("C:\MiKTeX 2.9\tex\generic\pgfplots\oldpgfcompatib\pgfplotsoldpgfsupp_pgfmathf
loat.code.tex"
\c@pgfmathroundto@lastzeros=\count302
)) ("C:\MiKTeX 2.9\tex\generic\pgfplots\util\pgfplotsutil.code.tex"
("C:\MiKTeX 2.9\tex\generic\pgfplots\liststructure\pgfplotsliststructure.code.t
ex")
("C:\MiKTeX 2.9\tex\generic\pgfplots\liststructure\pgfplotsliststructureext.cod
e.tex")
("C:\MiKTeX 2.9\tex\generic\pgfplots\liststructure\pgfplotsarray.code.tex"
\c@pgfplotsarray@tmp=\count303
)
("C:\MiKTeX 2.9\tex\generic\pgfplots\liststructure\pgfplotsmatrix.code.tex")
("C:\MiKTeX 2.9\tex\generic\pgfplots\numtable\pgfplotstableshared.code.tex"
\c@pgfplotstable@counta=\count304
\t@pgfplotstable@a=\toks41
)
("C:\MiKTeX 2.9\tex\generic\pgfplots\liststructure\pgfplotsdeque.code.tex")
("C:\MiKTeX 2.9\tex\generic\pgfplots\util\pgfplotsbinary.code.tex"
("C:\MiKTeX 2.9\tex\generic\pgfplots\util\pgfplotsbinary.data.code.tex"))
("C:\MiKTeX 2.9\tex\generic\pgfplots\util\pgfplotsutil.verb.code.tex")
("C:\MiKTeX 2.9\tex\generic\pgfplots\libs\pgflibrarypgfplots.surfshading.code.t
ex"
\c@pgfplotslibrarysurf@no=\count305

("C:\MiKTeX 2.9\tex\generic\pgfplots\sys\pgflibrarypgfplots.surfshading.pgfsys-
pdftex.def")))
("C:\MiKTeX 2.9\tex\generic\pgfplots\util\pgfplotscolormap.code.tex"
("C:\MiKTeX 2.9\tex\generic\pgfplots\util\pgfplotscolor.code.tex"))
("C:\MiKTeX 2.9\tex\generic\pgfplots\pgfplotsstackedplots.code.tex")
("C:\MiKTeX 2.9\tex\generic\pgfplots\pgfplotsplothandlers.code.tex"
("C:\MiKTeX 2.9\tex\generic\pgfplots\pgfplotsmeshplothandler.code.tex"
("C:\MiKTeX 2.9\tex\generic\pgfplots\pgfplotsmeshplotimage.code.tex")))
("C:\MiKTeX 2.9\tex\generic\pgfplots\pgfplots.scaling.code.tex")
("C:\MiKTeX 2.9\tex\generic\pgfplots\pgfplotscoordprocessing.code.tex")
("C:\MiKTeX 2.9\tex\generic\pgfplots\pgfplots.errorbars.code.tex")
("C:\MiKTeX 2.9\tex\generic\pgfplots\pgfplots.markers.code.tex")
("C:\MiKTeX 2.9\tex\generic\pgfplots\pgfplotsticks.code.tex")
("C:\MiKTeX 2.9\tex\generic\pgfplots\pgfplots.paths.code.tex")
("C:\MiKTeX 2.9\tex\generic\pgf\frontendlayer\tikz\libraries\tikzlibrarydecorat
ions.code.tex"
("C:\MiKTeX 2.9\tex\generic\pgf\modules\pgfmoduledecorations.code.tex"
\pgfdecoratedcompleteddistance=\dimen282
\pgfdecoratedremainingdistance=\dimen283
\pgfdecoratedinputsegmentcompleteddistance=\dimen284
\pgfdecoratedinputsegmentremainingdistance=\dimen285
\pgf@decorate@distancetomove=\dimen286
\pgf@decorate@repeatstate=\count306
\pgfdecorationsegmentamplitude=\dimen287
\pgfdecorationsegmentlength=\dimen288
)
\tikz@lib@dec@box=\box64
)
("C:\MiKTeX 2.9\tex\generic\pgf\frontendlayer\tikz\libraries\tikzlibrarydecorat
ions.pathmorphing.code.tex"
("C:\MiKTeX 2.9\tex\generic\pgf\libraries\decorations\pgflibrarydecorations.pat
hmorphing.code.tex"))
("C:\MiKTeX 2.9\tex\generic\pgf\frontendlayer\tikz\libraries\tikzlibrarydecorat
ions.pathreplacing.code.tex"
("C:\MiKTeX 2.9\tex\generic\pgf\libraries\decorations\pgflibrarydecorations.pat
hreplacing.code.tex"))
\pgfplots@numplots=\count307
\pgfplots@xmin@reg=\dimen289
\pgfplots@xmax@reg=\dimen290
\pgfplots@ymin@reg=\dimen291
\pgfplots@ymax@reg=\dimen292
\pgfplots@zmin@reg=\dimen293
\pgfplots@zmax@reg=\dimen294
)
("C:\MiKTeX 2.9\tex\generic\pgf\frontendlayer\tikz\libraries\tikzlibraryplotmar
ks.code.tex"
File: tikzlibraryplotmarks.code.tex 2008/01/09 v3.0.1a (rcs-revision 1.1)

("C:\MiKTeX 2.9\tex\generic\pgf\libraries\pgflibraryplotmarks.code.tex"
File: pgflibraryplotmarks.code.tex 2015/08/03 v3.0.1a (rcs-revision 1.14)
)))
("C:\MiKTeX 2.9\tex\latex\graphics\epsfig.sty"
Package: epsfig 2017/06/25 v1.7b (e)psfig emulation (SPQR)
\epsfxsize=\dimen295
\epsfysize=\dimen296
)
("C:\MiKTeX 2.9\tex\latex\caption\subcaption.sty"
Package: subcaption 2016/05/22 v1.1-161 Sub-captions (AR)

("C:\MiKTeX 2.9\tex\latex\caption\caption.sty"
Package: caption 2016/02/21 v3.3-144 Customizing captions (AR)

("C:\MiKTeX 2.9\tex\latex\caption\caption3.sty"
Package: caption3 2016/05/22 v1.7-166 caption3 kernel (AR)
Package caption3 Info: TeX engine: e-TeX on input line 67.
\captionmargin=\dimen297
\captionmargin@=\dimen298
\captionwidth=\dimen299
\caption@tempdima=\dimen300
\caption@indent=\dimen301
\caption@parindent=\dimen302
\caption@hangindent=\dimen303
)
\c@ContinuedFloat=\count308
Package caption Info: float package is loaded.
)
\c@subfigure=\count309
\c@subtable=\count310
)
("C:\MiKTeX 2.9\tex\latex\hyperref\hyperref.sty"
Package: hyperref 2017/03/14 v6.85a Hypertext links for LaTeX

("C:\MiKTeX 2.9\tex\generic\oberdiek\hobsub-hyperref.sty"
Package: hobsub-hyperref 2016/05/16 v1.14 Bundle oberdiek, subset hyperref (HO)


("C:\MiKTeX 2.9\tex\generic\oberdiek\hobsub-generic.sty"
Package: hobsub-generic 2016/05/16 v1.14 Bundle oberdiek, subset generic (HO)
Package: hobsub 2016/05/16 v1.14 Construct package bundles (HO)
Package: infwarerr 2016/05/16 v1.4 Providing info/warning/error messages (HO)
Package: ltxcmds 2016/05/16 v1.23 LaTeX kernel commands for general use (HO)
Package: ifluatex 2016/05/16 v1.4 Provides the ifluatex switch (HO)
Package ifluatex Info: LuaTeX not detected.
Package hobsub Info: Skipping package `ifvtex' (already loaded).
Package: intcalc 2016/05/16 v1.2 Expandable calculations with integers (HO)
Package hobsub Info: Skipping package `ifpdf' (already loaded).
Package: etexcmds 2016/05/16 v1.6 Avoid name clashes with e-TeX commands (HO)
Package etexcmds Info: Could not find \expanded.
(etexcmds)             That can mean that you are not using pdfTeX 1.50 or
(etexcmds)             that some package has redefined \expanded.
(etexcmds)             In the latter case, load this package earlier.
Package: kvsetkeys 2016/05/16 v1.17 Key value parser (HO)
Package: kvdefinekeys 2016/05/16 v1.4 Define keys (HO)
Package: pdftexcmds 2017/03/19 v0.25 Utility functions of pdfTeX for LuaTeX (HO
)
Package pdftexcmds Info: LuaTeX not detected.
Package pdftexcmds Info: \pdf@primitive is available.
Package pdftexcmds Info: \pdf@ifprimitive is available.
Package pdftexcmds Info: \pdfdraftmode found.
Package: pdfescape 2016/05/16 v1.14 Implements pdfTeX's escape features (HO)
Package: bigintcalc 2016/05/16 v1.4 Expandable calculations on big integers (HO
)
Package: bitset 2016/05/16 v1.2 Handle bit-vector datatype (HO)
Package: uniquecounter 2016/05/16 v1.3 Provide unlimited unique counter (HO)
)
Package hobsub Info: Skipping package `hobsub' (already loaded).
Package: letltxmacro 2016/05/16 v1.5 Let assignment for LaTeX macros (HO)
Package: hopatch 2016/05/16 v1.3 Wrapper for package hooks (HO)
Package: xcolor-patch 2016/05/16 xcolor patch
Package: atveryend 2016/05/16 v1.9 Hooks at the very end of document (HO)
Package: atbegshi 2016/06/09 v1.18 At begin shipout hook (HO)
Package: refcount 2016/05/16 v3.5 Data extraction from label references (HO)
Package: hycolor 2016/05/16 v1.8 Color options for hyperref/bookmark (HO)
)
("C:\MiKTeX 2.9\tex\latex\oberdiek\auxhook.sty"
Package: auxhook 2016/05/16 v1.4 Hooks for auxiliary files (HO)
)
("C:\MiKTeX 2.9\tex\latex\oberdiek\kvoptions.sty"
Package: kvoptions 2016/05/16 v3.12 Key value format for package options (HO)
)
\@linkdim=\dimen304
\Hy@linkcounter=\count311
\Hy@pagecounter=\count312

("C:\MiKTeX 2.9\tex\latex\hyperref\pd1enc.def"
File: pd1enc.def 2017/03/14 v6.85a Hyperref: PDFDocEncoding definition (HO)
Now handling font encoding PD1 ...
... no UTF-8 mapping file for font encoding PD1
)
\Hy@SavedSpaceFactor=\count313

("C:\MiKTeX 2.9\tex\latex\00miktex\hyperref.cfg"
File: hyperref.cfg 2002/06/06 v1.2 hyperref configuration of TeXLive
)
Package hyperref Info: Option `colorlinks' set `true' on input line 4374.
Package hyperref Info: Hyper figures OFF on input line 4498.
Package hyperref Info: Link nesting OFF on input line 4503.
Package hyperref Info: Hyper index ON on input line 4506.
Package hyperref Info: Plain pages OFF on input line 4513.
Package hyperref Info: Backreferencing OFF on input line 4518.
Package hyperref Info: Implicit mode ON; LaTeX internals redefined.
Package hyperref Info: Bookmarks ON on input line 4751.
\c@Hy@tempcnt=\count314

("C:\MiKTeX 2.9\tex\latex\url\url.sty"
\Urlmuskip=\muskip17
Package: url 2013/09/16  ver 3.4  Verb mode for urls, etc.
)
LaTeX Info: Redefining \url on input line 5104.
\XeTeXLinkMargin=\dimen305
\Fld@menulength=\count315
\Field@Width=\dimen306
\Fld@charsize=\dimen307
Package hyperref Info: Hyper figures OFF on input line 6358.
Package hyperref Info: Link nesting OFF on input line 6363.
Package hyperref Info: Hyper index ON on input line 6366.
Package hyperref Info: backreferencing OFF on input line 6373.
Package hyperref Info: Link coloring ON on input line 6376.
Package hyperref Info: Link coloring with OCG OFF on input line 6383.
Package hyperref Info: PDF/A mode OFF on input line 6388.
LaTeX Info: Redefining \ref on input line 6428.
LaTeX Info: Redefining \pageref on input line 6432.
\Hy@abspage=\count316
\c@Item=\count317
\c@Hfootnote=\count318
)

Package hyperref Message: Driver (autodetected): hpdftex.

("C:\MiKTeX 2.9\tex\latex\hyperref\hpdftex.def"
File: hpdftex.def 2017/03/14 v6.85a Hyperref driver for pdfTeX
\Fld@listcount=\count319
\c@bookmark@seq@number=\count320

("C:\MiKTeX 2.9\tex\latex\oberdiek\rerunfilecheck.sty"
Package: rerunfilecheck 2016/05/16 v1.8 Rerun checks for auxiliary files (HO)
Package uniquecounter Info: New unique counter `rerunfilecheck' on input line 2
82.
)
\Hy@SectionHShift=\skip58
)
("C:\MiKTeX 2.9\tex\latex\tcolorbox\tcolorbox.sty"
Package: tcolorbox 2018/01/12 version 4.12 text color boxes

("C:\MiKTeX 2.9\tex\latex\tools\verbatim.sty"
Package: verbatim 2014/10/28 v1.5q LaTeX2e package for verbatim enhancements
\every@verbatim=\toks42
\verbatim@line=\toks43
\verbatim@in@stream=\read3
)
("C:\MiKTeX 2.9\tex\latex\environ\environ.sty"
Package: environ 2014/05/04 v0.3 A new way to define environments

("C:\MiKTeX 2.9\tex\latex\trimspaces\trimspaces.sty"
Package: trimspaces 2009/09/17 v1.1 Trim spaces around a token list
))
\tcb@titlebox=\box65
\tcb@upperbox=\box66
\tcb@lowerbox=\box67
\tcb@phantombox=\box68
\c@tcbbreakpart=\count321
\c@tcblayer=\count322
\tcolorbox@number=\count323
\tcb@temp=\box69
\tcb@temp=\box70
\tcb@temp=\box71
\tcb@temp=\box72
\tcb@out=\write4
\tcb@record@out=\write5

("C:\MiKTeX 2.9\tex\latex\tcolorbox\tcbraster.code.tex"
Library (tcolorbox): 'tcbraster.code.tex' version '4.12'
\c@tcbrastercolumn=\count324
\c@tcbrasterrow=\count325
\c@tcbraster=\count326
) ("C:\MiKTeX 2.9\tex\latex\tcolorbox\tcbskins.code.tex"
Library (tcolorbox): 'tcbskins.code.tex' version '4.12'
\tcb@waterbox=\box73
("C:\MiKTeX 2.9\tex\latex\tcolorbox\tcbskinsjigsaw.code.tex"
Library (tcolorbox): 'tcbskinsjigsaw.code.tex' version '4.12'
)) ("C:\MiKTeX 2.9\tex\latex\tcolorbox\tcbbreakable.code.tex"
Library (tcolorbox): 'tcbbreakable.code.tex' version '4.12'
\tcb@testbox=\box74
\tcb@totalupperbox=\box75
\tcb@totallowerbox=\box76
) ("C:\MiKTeX 2.9\tex\latex\tcolorbox\tcbhooks.code.tex"
Library (tcolorbox): 'tcbhooks.code.tex' version '4.12'
) ("C:\MiKTeX 2.9\tex\latex\tcolorbox\tcbtheorems.code.tex"
Library (tcolorbox): 'tcbtheorems.code.tex' version '4.12'
) ("C:\MiKTeX 2.9\tex\latex\tcolorbox\tcbfitting.code.tex"
Library (tcolorbox): 'tcbfitting.code.tex' version '4.12'
\tcbfitdim=\dimen308
\tcb@lowerfitdim=\dimen309
\tcb@upperfitdim=\dimen310
\tcb@cur@hbadness=\count327
) ("C:\MiKTeX 2.9\tex\latex\tcolorbox\tcbxparse.code.tex"
Library (tcolorbox): 'tcbxparse.code.tex' version '4.12'
.................................................
. LaTeX info: "xparse/define-command"
. 
. Defining command \tcboxverb with sig. ' O{} v ' on line 128.
.................................................
.................................................
. LaTeX info: "xparse/define-command"
. 
. Defining command \tcbsidebyside with sig. ' +O{} +m +m ' on line 280.
.................................................
) ("C:\MiKTeX 2.9\tex\latex\tcolorbox\tcblistingsutf8.code.tex"
Library (tcolorbox): 'tcblistingsutf8.code.tex' version '4.12'
("C:\MiKTeX 2.9\tex\latex\oberdiek\listingsutf8.sty"
Package: listingsutf8 2016/05/16 v1.3 Allow UTF-8 in listings input (HO)

("C:\MiKTeX 2.9\tex\latex\listings\listings.sty"
\lst@mode=\count328
\lst@gtempboxa=\box77
\lst@token=\toks44
\lst@length=\count329
\lst@currlwidth=\dimen311
\lst@column=\count330
\lst@pos=\count331
\lst@lostspace=\dimen312
\lst@width=\dimen313
\lst@newlines=\count332
\lst@lineno=\count333
\lst@maxwidth=\dimen314

("C:\MiKTeX 2.9\tex\latex\listings\lstmisc.sty"
File: lstmisc.sty 2015/06/04 1.6 (Carsten Heinz)
\c@lstnumber=\count334
\lst@skipnumbers=\count335
\lst@framebox=\box78
)
("C:\MiKTeX 2.9\tex\latex\listings\listings.cfg"
File: listings.cfg 2015/06/04 1.6 listings configuration
))
Package: listings 2015/06/04 1.6 (Carsten Heinz)

("C:\MiKTeX 2.9\tex\generic\oberdiek\stringenc.sty"
Package: stringenc 2016/05/16 v1.11 Convert strings between diff. encodings (HO
)
))
("C:\MiKTeX 2.9\tex\latex\tcolorbox\tcblistings.code.tex"
Library (tcolorbox): 'tcblistings.code.tex' version '4.12'
("C:\MiKTeX 2.9\tex\latex\tcolorbox\tcblistingscore.code.tex"
Library (tcolorbox): 'tcblistingscore.code.tex' version '4.12'
("C:\MiKTeX 2.9\tex\latex\tcolorbox\tcbprocessing.code.tex"
Library (tcolorbox): 'tcbprocessing.code.tex' version '4.12'
("C:\MiKTeX 2.9\tex\latex\tools\shellesc.sty"
Package: shellesc 2016/06/07 v0.02a unified shell escape interface for LaTeX
Package shellesc Info: Unrestricted shell escape enabled on input line 67.
))
\c@tcblisting=\count336
)))
("C:\MiKTeX 2.9\tex\latex\tcolorbox\tcbexternal.code.tex"
Library (tcolorbox): 'tcbexternal.code.tex' version '4.12'
) ("C:\MiKTeX 2.9\tex\latex\tcolorbox\tcbmagazine.code.tex"
Library (tcolorbox): 'tcbmagazine.code.tex' version '4.12'
) ("C:\MiKTeX 2.9\tex\latex\tcolorbox\tcbvignette.code.tex"
Library (tcolorbox): 'tcbvignette.code.tex' version '4.12'

("C:\MiKTeX 2.9\tex\generic\pgf\frontendlayer\tikz\libraries\tikzlibraryfadings
.code.tex"
File: tikzlibraryfadings.code.tex 2009/11/15 v3.0.1a (rcs-revision 1.2)
 ("C:\MiKTeX 2.9\tex\generic\pgf\libraries\pgflibraryfadings.code.tex"
File: pgflibraryfadings.code.tex 2008/02/07 v3.0.1a (rcs-revision 1.3)
))) ("C:\MiKTeX 2.9\tex\latex\tcolorbox\tcbposter.code.tex"
Library (tcolorbox): 'tcbposter.code.tex' version '4.12'
))
\c@datasheetcnt=\count337


LaTeX Warning: Unused global option(s):
    [4paper].

(ruoroch.aux

LaTeX Warning: Label `' multiply defined.


LaTeX Warning: Label `' multiply defined.


LaTeX Warning: Label `' multiply defined.


LaTeX Warning: Label `' multiply defined.

(memorie/eprom.aux)

LaTeX Warning: Label `' multiply defined.


LaTeX Warning: Label `' multiply defined.


LaTeX Warning: Label `' multiply defined.


LaTeX Warning: Label `' multiply defined.

)
\openout1 = `ruoroch.aux'.

LaTeX Font Info:    Checking defaults for OML/cmm/m/it on input line 29.
LaTeX Font Info:    ... okay on input line 29.
LaTeX Font Info:    Checking defaults for T1/cmr/m/n on input line 29.
LaTeX Font Info:    ... okay on input line 29.
LaTeX Font Info:    Checking defaults for OT1/cmr/m/n on input line 29.
LaTeX Font Info:    ... okay on input line 29.
LaTeX Font Info:    Checking defaults for OMS/cmsy/m/n on input line 29.
LaTeX Font Info:    ... okay on input line 29.
LaTeX Font Info:    Checking defaults for OMX/cmex/m/n on input line 29.
LaTeX Font Info:    ... okay on input line 29.
LaTeX Font Info:    Checking defaults for U/cmr/m/n on input line 29.
LaTeX Font Info:    ... okay on input line 29.
LaTeX Font Info:    Checking defaults for PD1/pdf/m/n on input line 29.
LaTeX Font Info:    ... okay on input line 29.

*geometry* driver: auto-detecting
*geometry* detected driver: pdftex
*geometry* verbose mode - [ preamble ] result:
* driver: pdftex
* paper: <default>
* layout: <same size as paper>
* layoutoffset:(h,v)=(0.0pt,0.0pt)
* modes: 
* h-part:(L,W,R)=(92.14519pt, 430.00462pt, 92.14519pt)
* v-part:(T,H,B)=(62.59596pt, 675.46852pt, 56.9055pt)
* \paperwidth=614.295pt
* \paperheight=794.96999pt
* \textwidth=430.00462pt
* \textheight=675.46852pt
* \oddsidemargin=19.8752pt
* \evensidemargin=19.8752pt
* \topmargin=-46.67403pt
* \headheight=12.0pt
* \headsep=25.0pt
* \topskip=11.0pt
* \footskip=30.0pt
* \marginparwidth=59.0pt
* \marginparsep=10.0pt
* \columnsep=10.0pt
* \skip\footins=10.0pt plus 4.0pt minus 2.0pt
* \hoffset=0.0pt
* \voffset=0.0pt
* \mag=1000
* \@twocolumnfalse
* \@twosidefalse
* \@mparswitchfalse
* \@reversemarginfalse
* (1in=72.27pt=25.4mm, 1cm=28.453pt)

Now handling font encoding TS1 ...
... processing UTF-8 mapping file for font encoding TS1
("C:\MiKTeX 2.9\tex\latex\base\ts1enc.dfu"
File: ts1enc.dfu 2017/01/28 v1.1t UTF-8 support for inputenc
   defining Unicode char U+00A2 (decimal 162)
   defining Unicode char U+00A3 (decimal 163)
   defining Unicode char U+00A4 (decimal 164)
   defining Unicode char U+00A5 (decimal 165)
   defining Unicode char U+00A6 (decimal 166)
   defining Unicode char U+00A7 (decimal 167)
   defining Unicode char U+00A8 (decimal 168)
   defining Unicode char U+00A9 (decimal 169)
   defining Unicode char U+00AA (decimal 170)
   defining Unicode char U+00AC (decimal 172)
   defining Unicode char U+00AE (decimal 174)
   defining Unicode char U+00AF (decimal 175)
   defining Unicode char U+00B0 (decimal 176)
   defining Unicode char U+00B1 (decimal 177)
   defining Unicode char U+00B2 (decimal 178)
   defining Unicode char U+00B3 (decimal 179)
   defining Unicode char U+00B4 (decimal 180)
   defining Unicode char U+00B5 (decimal 181)
   defining Unicode char U+00B6 (decimal 182)
   defining Unicode char U+00B7 (decimal 183)
   defining Unicode char U+00B9 (decimal 185)
   defining Unicode char U+00BA (decimal 186)
   defining Unicode char U+00BC (decimal 188)
   defining Unicode char U+00BD (decimal 189)
   defining Unicode char U+00BE (decimal 190)
   defining Unicode char U+00D7 (decimal 215)
   defining Unicode char U+00F7 (decimal 247)
   defining Unicode char U+0192 (decimal 402)
   defining Unicode char U+02C7 (decimal 711)
   defining Unicode char U+02D8 (decimal 728)
   defining Unicode char U+02DD (decimal 733)
   defining Unicode char U+0E3F (decimal 3647)
   defining Unicode char U+2016 (decimal 8214)
   defining Unicode char U+2020 (decimal 8224)
   defining Unicode char U+2021 (decimal 8225)
   defining Unicode char U+2022 (decimal 8226)
   defining Unicode char U+2030 (decimal 8240)
   defining Unicode char U+2031 (decimal 8241)
   defining Unicode char U+203B (decimal 8251)
   defining Unicode char U+203D (decimal 8253)
   defining Unicode char U+2044 (decimal 8260)
   defining Unicode char U+204E (decimal 8270)
   defining Unicode char U+2052 (decimal 8274)
   defining Unicode char U+20A1 (decimal 8353)
   defining Unicode char U+20A4 (decimal 8356)
   defining Unicode char U+20A6 (decimal 8358)
   defining Unicode char U+20A9 (decimal 8361)
   defining Unicode char U+20AB (decimal 8363)
   defining Unicode char U+20AC (decimal 8364)
   defining Unicode char U+20B1 (decimal 8369)
   defining Unicode char U+2103 (decimal 8451)
   defining Unicode char U+2116 (decimal 8470)
   defining Unicode char U+2117 (decimal 8471)
   defining Unicode char U+211E (decimal 8478)
   defining Unicode char U+2120 (decimal 8480)
   defining Unicode char U+2122 (decimal 8482)
   defining Unicode char U+2126 (decimal 8486)
   defining Unicode char U+2127 (decimal 8487)
   defining Unicode char U+212E (decimal 8494)
   defining Unicode char U+2190 (decimal 8592)
   defining Unicode char U+2191 (decimal 8593)
   defining Unicode char U+2192 (decimal 8594)
   defining Unicode char U+2193 (decimal 8595)
   defining Unicode char U+2329 (decimal 9001)
   defining Unicode char U+232A (decimal 9002)
   defining Unicode char U+2422 (decimal 9250)
   defining Unicode char U+25E6 (decimal 9702)
   defining Unicode char U+25EF (decimal 9711)
   defining Unicode char U+266A (decimal 9834)
)
(C:\Users\Marco\AppData\Roaming\MiKTeX\2.9\tex\latex\translator\translator-basi
c-dictionary-English.dict
Dictionary: translator-basic-dictionary, Language: English 
)
("C:\MiKTeX 2.9\tex\latex\siunitx\siunitx-abbreviations.cfg"
File: siunitx-abbreviations.cfg 2017/11/26 v2.7k siunitx: Abbreviated units
)
("C:\MiKTeX 2.9\tex\latex\siunitx\siunitx-binary.cfg"
File: siunitx-binary.cfg 2017/11/26 v2.7k siunitx: Binary units
)
("C:\MiKTeX 2.9\tex\context\base\supp-pdf.mkii"
[Loading MPS to PDF converter (version 2006.09.02).]
\scratchcounter=\count338
\scratchdimen=\dimen315
\scratchbox=\box79
\nofMPsegments=\count339
\nofMParguments=\count340
\everyMPshowfont=\toks45
\MPscratchCnt=\count341
\MPscratchDim=\dimen316
\MPnumerator=\count342
\makeMPintoPDFobject=\count343
\everyMPtoPDFconversion=\toks46
) ("C:\MiKTeX 2.9\tex\latex\oberdiek\epstopdf-base.sty"
Package: epstopdf-base 2016/05/15 v2.6 Base part for package epstopdf

("C:\MiKTeX 2.9\tex\latex\oberdiek\grfext.sty"
Package: grfext 2016/05/16 v1.2 Manage graphics extensions (HO)
)
Package epstopdf-base Info: Redefining graphics rule for `.eps' on input line 4
38.
Package grfext Info: Graphics extension search list:
(grfext)             [.pdf,.png,.jpg,.mps,.jpeg,.jbig2,.jb2,.PDF,.PNG,.JPG,.JPE
G,.JBIG2,.JB2,.eps]
(grfext)             \AppendGraphicsExtensions on input line 456.
)
LaTeX Info: Redefining \it@ocap on input line 29.
LaTeX Info: Redefining \it@ccap on input line 29.


File italian.ldf warning: 
italian.ldf    With OT1 encoding guillemets are poorly faked
italian.ldf    Use T1 encoding
italian.ldf    or specify a font with command \CaporaliFrom
italian.ldf    See the documentation concerning the babel-italian typesetting 
italian.ldf    on input line 29.

ABD: EveryShipout initializing macros

Package pgfplots Warning: running in backwards compatibility mode (unsuitable t
ick labels; missing features). Consider writing \pgfplotsset{compat=1.15} into 
your preamble.
 on input line 29.

Package caption Info: Begin \AtBeginDocument code.
Package caption Info: hyperref package is loaded.
Package caption Info: listings package is loaded.
Package caption Info: End \AtBeginDocument code.
\AtBeginShipoutBox=\box80
Package hyperref Info: Link coloring ON on input line 29.
("C:\MiKTeX 2.9\tex\latex\hyperref\nameref.sty"
Package: nameref 2016/05/21 v2.44 Cross-referencing by name of section

("C:\MiKTeX 2.9\tex\generic\oberdiek\gettitlestring.sty"
Package: gettitlestring 2016/05/16 v1.5 Cleanup title references (HO)
)
\c@section@level=\count344
)
LaTeX Info: Redefining \ref on input line 29.
LaTeX Info: Redefining \pageref on input line 29.
LaTeX Info: Redefining \nameref on input line 29.
 (ruoroch.out)
(ruoroch.out)
\@outlinefile=\write6
\openout6 = `ruoroch.out'.

\c@lstlisting=\count345
\c__siunitx_mathsf_int=\count346
\c__siunitx_mathtt_int=\count347
 [1

{C:/Users/Marco/AppData/Local/MiKTeX/2.9/pdftex/config/pdftex.map}] (ruoroch.to
cpdfTeX warning (ext4): destination with the same identifier (name{page.1}) has
 been already used, duplicate ignored
<to be read again> 
                   \relax 
l.55 ...one degli indirizzi}{46}{subsection.3.2.2}
                                                   [1

])
\tf@toc=\write7
\openout7 = `ruoroch.toc'.

 [2]
Capitolo 1.
LaTeX Font Info:    Try loading font information for OMS+cmr on input line 36.
("C:\MiKTeX 2.9\tex\latex\base\omscmr.fd"
File: omscmr.fd 2014/09/29 v2.5h Standard LaTeX font definitions
)
LaTeX Font Info:    Font shape `OMS/cmr/m/n' in size <10.95> not available
(Font)              Font shape `OMS/cmsy/m/n' tried instead on input line 36.
 [3

] (memorie/inverter.tex) [4]
<memorie/SRAM_Cell_Inverter_Loop.png, id=321, 376.40625pt x 282.30469pt>
File: memorie/SRAM_Cell_Inverter_Loop.png Graphic file (type png)
<use memorie/SRAM_Cell_Inverter_Loop.png>
Package pdftex.def Info: memorie/SRAM_Cell_Inverter_Loop.png  used on input lin
e 104. on input line 104.
Package pdftex.def Info: Requested size: 258.00539pt x 193.51538pt on input lin
e 104.

[5 <./memorie/SRAM_Cell_Inverter_Loop.png>]
LaTeX Font Info:    Try loading font information for TS1+cmr on input line 111.


("C:\MiKTeX 2.9\tex\latex\base\ts1cmr.fd"
File: ts1cmr.fd 2014/09/29 v2.5h Standard LaTeX font definitions
) (memorie/precharge.tex) [6]
<memorie/sram_array.pdf, id=340, pagebox=cropbox, 499.57062pt x 395.26286pt>
File: memorie/sram_array.pdf Graphic file (type pdf)
<use memorie/sram_array.pdf>
Package pdftex.def Info: memorie/sram_array.pdf  used on input line 130. on inp
ut line 130.
Package pdftex.def Info: Requested size: 171.99922pt x 136.0884pt on input line
 130.
 [7 <./memorie/sram_array.pdf>]
<memorie/sram_read.png, id=355, 296.5479pt x 112.9821pt>
File: memorie/sram_read.png Graphic file (type png)
<use memorie/sram_read.png>
Package pdftex.def Info: memorie/sram_read.png  used on input line 150. on inpu
t line 150.
Package pdftex.def Info: Requested size: 296.54716pt x 112.98181pt on input lin
e 150.
<memorie/sram_data_retention.png, id=357, 1285.80376pt x 216.05719pt>
File: memorie/sram_data_retention.png Graphic file (type png)
<use memorie/sram_data_retention.png>
Package pdftex.def Info: memorie/sram_data_retention.png  used on input line 17
4. on input line 174.
Package pdftex.def Info: Requested size: 430.00462pt x 72.25514pt on input line
 174.
 [8 <./memorie/sram_read.png>]
<memorie/sram_read_cycle.png, id=368, 1008.76875pt x 568.37344pt>
File: memorie/sram_read_cycle.png Graphic file (type png)
<use memorie/sram_read_cycle.png>
Package pdftex.def Info: memorie/sram_read_cycle.png  used on input line 190. o
n input line 190.
Package pdftex.def Info: Requested size: 430.00462pt x 242.27968pt on input lin
e 190.
 [9 <./memorie/sram_data_retention.png> <./memorie/sram_read_cycle.png>]
Overfull \hbox (16.713pt too wide) in paragraph at lines 211--213
$[]$\OT1/cmr/m/n/10.95 : \OT1/cmr/bx/n/10.95 Sam-sung K7P80xx11B 256Kx36(x18) S
yn-chro-nous Pi-pe-li-ned SRAM 
 []

[10]
<memorie/ssram_timing.png, id=382, 1196.97188pt x 542.77782pt>
File: memorie/ssram_timing.png Graphic file (type png)
<use memorie/ssram_timing.png>
Package pdftex.def Info: memorie/ssram_timing.png  used on input line 237. on i
nput line 237.
Package pdftex.def Info: Requested size: 430.00462pt x 194.98575pt on input lin
e 237.
 (memorie/dram_cell.tex
Package epstopdf Info: Source file: <memorie/dram_cell.eps>
(epstopdf)                    date: 2018-01-10 23:12:43
(epstopdf)                    size: 11165 bytes
(epstopdf)             Output file: <memorie/dram_cell-eps-converted-to.pdf>
(epstopdf)                    date: 2018-01-10 23:15:19
(epstopdf)                    size: 2777 bytes
(epstopdf)             Command: <epstopdf --outfile=memorie/dram_cell-eps-conve
rted-to.pdf memorie/dram_cell.eps>
(epstopdf)             \includegraphics on input line 18.
Package epstopdf Info: Output file is already uptodate.
<memorie/dram_cell-eps-converted-to.pdf, id=384, pagebox=cropbox, 210.7875pt x 
190.7125pt>
File: memorie/dram_cell-eps-converted-to.pdf Graphic file (type pdf)
<use memorie/dram_cell-eps-converted-to.pdf>
Package pdftex.def Info: memorie/dram_cell-eps-converted-to.pdf  used on input 
line 18. on input line 18.
Package pdftex.def Info: Requested size: 210.78699pt x 190.71202pt on input lin
e 18.

Overfull \hbox (7.52762pt too wide) in paragraph at lines 18--18
[][] 
 []

) [11 <./memorie/ssram_timing.png>] (memorie/dram_sense.tex
Package epstopdf Info: Source file: <memorie/dram_sense.eps>
(epstopdf)                    date: 2018-01-10 23:28:08
(epstopdf)                    size: 12576 bytes
(epstopdf)             Output file: <memorie/dram_sense-eps-converted-to.pdf>
(epstopdf)                    date: 2018-01-10 23:28:30
(epstopdf)                    size: 3378 bytes
(epstopdf)             Command: <epstopdf --outfile=memorie/dram_sense-eps-conv
erted-to.pdf memorie/dram_sense.eps>
(epstopdf)             \includegraphics on input line 18.
Package epstopdf Info: Output file is already uptodate.
<memorie/dram_sense-eps-converted-to.pdf, id=392, pagebox=cropbox, 188.705pt x 
276.03125pt>
File: memorie/dram_sense-eps-converted-to.pdf Graphic file (type pdf)
<use memorie/dram_sense-eps-converted-to.pdf>
Package pdftex.def Info: memorie/dram_sense-eps-converted-to.pdf  used on input
 line 18. on input line 18.
Package pdftex.def Info: Requested size: 188.70453pt x 276.03056pt on input lin
e 18.

Overfull \hbox (8.02954pt too wide) in paragraph at lines 18--18
[][] 
 []

) [12 <./memorie/dram_cell-eps-converted-to.pdf>] [13 <./memorie/dram_sense-eps
-converted-to.pdf>]
<memorie/dram_read_time.png, id=414, 481.8pt x 180.675pt>
File: memorie/dram_read_time.png Graphic file (type png)
<use memorie/dram_read_time.png>
Package pdftex.def Info: memorie/dram_read_time.png  used on input line 313. on
 input line 313.
Package pdftex.def Info: Requested size: 301.00192pt x 112.87747pt on input lin
e 313.

Overfull \hbox (20.06845pt too wide) in paragraph at lines 323--324
[]\OT1/cmr/m/n/10.95 Riguardo al re-fresh, tut-te le ri-ghe van-no rin-fre-sca-
te e quin-di ogni (tem-po di re-fresh)/(numero
 []

[14 <./memorie/dram_read_time.png>] [15] [16]
<memorie/ddr_timing.png, id=431, 1302.36563pt x 337.26pt>
File: memorie/ddr_timing.png Graphic file (type png)
<use memorie/ddr_timing.png>
Package pdftex.def Info: memorie/ddr_timing.png  used on input line 420. on inp
ut line 420.
Package pdftex.def Info: Requested size: 430.00462pt x 111.35274pt on input lin
e 420.
 [17]
Package epstopdf Info: Source file: <memorie/masked_rom.eps>
(epstopdf)                    date: 2018-01-11 20:50:25
(epstopdf)                    size: 11885 bytes
(epstopdf)             Output file: <memorie/masked_rom-eps-converted-to.pdf>
(epstopdf)                    date: 2018-01-11 20:53:22
(epstopdf)                    size: 3530 bytes
(epstopdf)             Command: <epstopdf --outfile=memorie/masked_rom-eps-conv
erted-to.pdf memorie/masked_rom.eps>
(epstopdf)             \includegraphics on input line 434.
Package epstopdf Info: Output file is already uptodate.
<memorie/masked_rom-eps-converted-to.pdf, id=438, pagebox=cropbox, 242.9075pt x
 236.885pt>
File: memorie/masked_rom-eps-converted-to.pdf Graphic file (type pdf)
<use memorie/masked_rom-eps-converted-to.pdf>
Package pdftex.def Info: memorie/masked_rom-eps-converted-to.pdf  used on input
 line 434. on input line 434.
Package pdftex.def Info: Requested size: 145.7456pt x 142.13208pt on input line
 434.

Overfull \hbox (0.74002pt too wide) in paragraph at lines 449--450
\OT1/cmr/m/n/10.95 Alcuni di que-sti pro-ble-mi so-no sta-ti ri-sol-ti con l'av
-ven-to dei MOS a ga-te flot-tan-te (\OT1/cmr/bx/n/10.95 FAMOS\OT1/cmr/m/n/10.9
5 ,
 []

[18 <./memorie/ddr_timing.png> <./memorie/masked_rom-eps-converted-to.pdf>]
<memorie/famos.jpg, id=450, 659.46375pt x 347.2975pt>
File: memorie/famos.jpg Graphic file (type jpg)
<use memorie/famos.jpg>
Package pdftex.def Info: memorie/famos.jpg  used on input line 453. on input li
ne 453.
Package pdftex.def Info: Requested size: 171.99922pt x 90.58138pt on input line
 453.

(memorie/vth_famos.tex
Missing character: There is no ; in font nullfont!
)
\openout2 = `memorie/eprom.aux'.

 (memorie/eprom.tex
Package epstopdf Info: Source file: <memorie/eprom.eps>
(epstopdf)                    date: 2018-01-11 21:03:08
(epstopdf)                    size: 10795 bytes
(epstopdf)             Output file: <memorie/eprom-eps-converted-to.pdf>
(epstopdf)                    date: 2018-01-11 21:04:52
(epstopdf)                    size: 2936 bytes
(epstopdf)             Command: <epstopdf --outfile=memorie/eprom-eps-converted
-to.pdf memorie/eprom.eps>
(epstopdf)             \includegraphics on input line 15.
Package epstopdf Info: Output file is already uptodate.
<memorie/eprom-eps-converted-to.pdf, id=453, pagebox=cropbox, 155.58125pt x 192
.72pt>
File: memorie/eprom-eps-converted-to.pdf Graphic file (type pdf)
<use memorie/eprom-eps-converted-to.pdf>
Package pdftex.def Info: memorie/eprom-eps-converted-to.pdf  used on input line
 15. on input line 15.
Package pdftex.def Info: Requested size: 155.58086pt x 192.71951pt on input lin
e 15.

Overfull \hbox (7.65321pt too wide) in paragraph at lines 15--15
[][] 
 []

) [19 <./memorie/famos.jpg>] [20


 <./memorie/eprom-eps-converted-to.pdf>]
Capitolo 2.
<memorie/nand_nor_flash.jpg, id=470, 730.73pt x 398.48875pt>
File: memorie/nand_nor_flash.jpg Graphic file (type jpg)
<use memorie/nand_nor_flash.jpg>
Package pdftex.def Info: memorie/nand_nor_flash.jpg  used on input line 499. on
 input line 499.
Package pdftex.def Info: Requested size: 258.00539pt x 140.69531pt on input lin
e 499.
[21

 <./memorie/nand_nor_flash.jpg>]
<memorie/flash_status_register.png, id=477, 1049.42062pt x 669.2503pt>
File: memorie/flash_status_register.png Graphic file (type png)
<use memorie/flash_status_register.png>
Package pdftex.def Info: memorie/flash_status_register.png  used on input line 
535. on input line 535.
Package pdftex.def Info: Requested size: 430.00462pt x 274.231pt on input line 
535.
 [22]
<memorie/jc_struttura_interna.png, id=484, 917.67844pt x 677.53125pt>
File: memorie/jc_struttura_interna.png Graphic file (type png)
<use memorie/jc_struttura_interna.png>
Package pdftex.def Info: memorie/jc_struttura_interna.png  used on input line 5
51. on input line 551.
Package pdftex.def Info: Requested size: 258.00539pt x 190.48282pt on input lin
e 551.
 [23 <./memorie/flash_status_register.png>] [24 <./memorie/jc_struttura_interna
.png>]
<memorie/jc_numeri.png, id=498, 735.49782pt x 605.26125pt>
File: memorie/jc_numeri.png Graphic file (type png)
<use memorie/jc_numeri.png>
Package pdftex.def Info: memorie/jc_numeri.png  used on input line 606. on inpu
t line 606.
Package pdftex.def Info: Requested size: 258.00539pt x 212.32484pt on input lin
e 606.
 [25]
<memorie/jc_operations.png, id=505, 1321.18594pt x 283.0575pt>
File: memorie/jc_operations.png Graphic file (type png)
<use memorie/jc_operations.png>
Package pdftex.def Info: memorie/jc_operations.png  used on input line 634. on 
input line 634.
Package pdftex.def Info: Requested size: 430.00462pt x 92.12648pt on input line
 634.
 [26 <./memorie/jc_numeri.png>]
<memorie/jc_access.png, id=514, 1237.62375pt x 685.05937pt>
File: memorie/jc_access.png Graphic file (type png)
<use memorie/jc_access.png>
Package pdftex.def Info: memorie/jc_access.png  used on input line 651. on inpu
t line 651.
Package pdftex.def Info: Requested size: 258.00539pt x 142.81094pt on input lin
e 651.
 [27 <./memorie/jc_operations.png> <./memorie/jc_access.png>]
<memorie/jc_slc_mlc_gauss.png, id=523, 1050.17343pt x 689.57625pt>
File: memorie/jc_slc_mlc_gauss.png Graphic file (type png)
<use memorie/jc_slc_mlc_gauss.png>
Package pdftex.def Info: memorie/jc_slc_mlc_gauss.png  used on input line 678. 
on input line 678.
Package pdftex.def Info: Requested size: 301.00192pt x 197.6466pt on input line
 678.
 [28]
<memorie/jc_slc_mlc_numeri.png, id=530, 615.0478pt x 683.55376pt>
File: memorie/jc_slc_mlc_numeri.png Graphic file (type png)
<use memorie/jc_slc_mlc_numeri.png>
Package pdftex.def Info: memorie/jc_slc_mlc_numeri.png  used on input line 697.
 on input line 697.
Package pdftex.def Info: Requested size: 258.00539pt x 286.74643pt on input lin
e 697.
 [29 <./memorie/jc_slc_mlc_gauss.png>]
<memorie/jc_read_bn.png, id=539, 926.71219pt x 606.76688pt>
File: memorie/jc_read_bn.png Graphic file (type png)
<use memorie/jc_read_bn.png>
Package pdftex.def Info: memorie/jc_read_bn.png  used on input line 720. on inp
ut line 720.
Package pdftex.def Info: Requested size: 215.0023pt x 140.76631pt on input line
 720.
 [30 <./memorie/jc_slc_mlc_numeri.png>]
<memorie/jc_write_bn.png, id=550, 903.375pt x 602.25pt>
File: memorie/jc_write_bn.png Graphic file (type png)
<use memorie/jc_write_bn.png>
Package pdftex.def Info: memorie/jc_write_bn.png  used on input line 736. on in
put line 736.
Package pdftex.def Info: Requested size: 215.0023pt x 143.32993pt on input line
 736.
 [31 <./memorie/jc_read_bn.png> <./memorie/jc_write_bn.png>] [32]
<memorie/jc_onfi2_timing.png, id=568, 1202.99437pt x 587.94656pt>
File: memorie/jc_onfi2_timing.png Graphic file (type png)
<use memorie/jc_onfi2_timing.png>
Package pdftex.def Info: memorie/jc_onfi2_timing.png  used on input line 768. o
n input line 768.
Package pdftex.def Info: Requested size: 430.00462pt x 210.16238pt on input lin
e 768.
<memorie/jc_sync_async.png, id=569, 1192.455pt x 525.46312pt>
File: memorie/jc_sync_async.png Graphic file (type png)
<use memorie/jc_sync_async.png>
Package pdftex.def Info: memorie/jc_sync_async.png  used on input line 775. on 
input line 775.
Package pdftex.def Info: Requested size: 301.00192pt x 132.63228pt on input lin
e 775.
<memorie/jc_onfi2_table.png, id=570, 706.13812pt x 603.75563pt>
File: memorie/jc_onfi2_table.png Graphic file (type png)
<use memorie/jc_onfi2_table.png>
Package pdftex.def Info: memorie/jc_onfi2_table.png  used on input line 782. on
 input line 782.
Package pdftex.def Info: Requested size: 258.00539pt x 220.59468pt on input lin
e 782.
 [33 <./memorie/jc_onfi2_timing.png> <./memorie/jc_sync_async.png>]
<memorie/jc_program_disturb.png, id=579, 1003.49907pt x 594.72188pt>
File: memorie/jc_program_disturb.png Graphic file (type png)
<use memorie/jc_program_disturb.png>
Package pdftex.def Info: memorie/jc_program_disturb.png  used on input line 799
. on input line 799.
Package pdftex.def Info: Requested size: 258.00539pt x 152.90892pt on input lin
e 799.
 [34 <./memorie/jc_onfi2_table.png> <./memorie/jc_program_disturb.png>]
<memorie/jc_read_disturb.png, id=589, 992.20688pt x 553.31718pt>
File: memorie/jc_read_disturb.png Graphic file (type png)
<use memorie/jc_read_disturb.png>
Package pdftex.def Info: memorie/jc_read_disturb.png  used on input line 819. o
n input line 819.
Package pdftex.def Info: Requested size: 258.00539pt x 143.87595pt on input lin
e 819.
<memorie/jc_data_retention.png, id=591, 759.58781pt x 539.01375pt>
File: memorie/jc_data_retention.png Graphic file (type png)
<use memorie/jc_data_retention.png>
Package pdftex.def Info: memorie/jc_data_retention.png  used on input line 832.
 on input line 832.
Package pdftex.def Info: Requested size: 258.00539pt x 183.08952pt on input lin
e 832.
 [35 <./memorie/jc_read_disturb.png>]
<memorie/jc_endurance.png, id=602, 752.0597pt x 548.0475pt>
File: memorie/jc_endurance.png Graphic file (type png)
<use memorie/jc_endurance.png>
Package pdftex.def Info: memorie/jc_endurance.png  used on input line 841. on i
nput line 841.
Package pdftex.def Info: Requested size: 258.00539pt x 188.01454pt on input lin
e 841.
<memorie/jc_ber.png, id=603, 1094.58937pt x 661.72218pt>
File: memorie/jc_ber.png Graphic file (type png)
<use memorie/jc_ber.png>
Package pdftex.def Info: memorie/jc_ber.png  used on input line 852. on input l
ine 852.
Package pdftex.def Info: Requested size: 301.00192pt x 181.96912pt on input lin
e 852.
 [36 <./memorie/jc_data_retention.png> <./memorie/jc_endurance.png>]
<memorie/jc_emmc.png, id=614, 794.2172pt x 599.99156pt>
File: memorie/jc_emmc.png Graphic file (type png)
<use memorie/jc_emmc.png>
Package pdftex.def Info: memorie/jc_emmc.png  used on input line 864. on input 
line 864.
Package pdftex.def Info: Requested size: 171.99922pt x 129.93864pt on input lin
e 864.
 [37 <./memorie/jc_ber.png> <./memorie/jc_emmc.png>]
Capitolo 3.
[38

]
<mem_sys/gerarchia.png, id=629, 1005.7575pt x 641.39626pt>
File: mem_sys/gerarchia.png Graphic file (type png)
<use mem_sys/gerarchia.png>
Package pdftex.def Info: mem_sys/gerarchia.png  used on input line 891. on inpu
t line 891.
Package pdftex.def Info: Requested size: 301.00192pt x 191.95058pt on input lin
e 891.
 [39 <./mem_sys/gerarchia.png>] [40]
<mem_sys/direct_mapping.png, id=640, 832.10875pt x 516.93124pt>
File: mem_sys/direct_mapping.png Graphic file (type png)
<use mem_sys/direct_mapping.png>
Package pdftex.def Info: mem_sys/direct_mapping.png  used on input line 944. on
 input line 944.
Package pdftex.def Info: Requested size: 301.00192pt x 186.9943pt on input line
 944.
 [41 <./mem_sys/direct_mapping.png>]
<mem_sys/set_associative.png, id=649, 970.62625pt x 597.23125pt>
File: mem_sys/set_associative.png Graphic file (type png)
<use mem_sys/set_associative.png>
Package pdftex.def Info: mem_sys/set_associative.png  used on input line 960. o
n input line 960.
Package pdftex.def Info: Requested size: 301.00192pt x 185.21268pt on input lin
e 960.

[42 <./mem_sys/set_associative.png>]
<mem_sys/fully_associative.png, id=659, 1116.17pt x 574.145pt>
File: mem_sys/fully_associative.png Graphic file (type png)
<use mem_sys/fully_associative.png>
Package pdftex.def Info: mem_sys/fully_associative.png  used on input line 974.
 on input line 974.
Package pdftex.def Info: Requested size: 301.00192pt x 154.82848pt on input lin
e 974.
 [43 <./mem_sys/fully_associative.png>]
<mem_sys/virtual_memory.png, id=668, 614.295pt x 696.35156pt>
File: mem_sys/virtual_memory.png Graphic file (type png)
<use mem_sys/virtual_memory.png>
Package pdftex.def Info: mem_sys/virtual_memory.png  used on input line 1005. o
n input line 1005.
Package pdftex.def Info: Requested size: 215.0023pt x 243.72668pt on input line
 1005.
<mem_sys/frames_pages.png, id=670, 899.61093pt x 687.31781pt>
File: mem_sys/frames_pages.png Graphic file (type png)
<use mem_sys/frames_pages.png>
Package pdftex.def Info: mem_sys/frames_pages.png  used on input line 1015. on 
input line 1015.
Package pdftex.def Info: Requested size: 215.0023pt x 164.26746pt on input line
 1015.

[44] [45 <./mem_sys/virtual_memory.png> <./mem_sys/frames_pages.png>]
<mem_sys/vm_flow.png, id=684, 511.15968pt x 665.48625pt>
File: mem_sys/vm_flow.png Graphic file (type png)
<use mem_sys/vm_flow.png>
Package pdftex.def Info: mem_sys/vm_flow.png  used on input line 1034. on input
 line 1034.
Package pdftex.def Info: Requested size: 258.00539pt x 335.90034pt on input lin
e 1034.
 [46]
[47 <./mem_sys/vm_flow.png>] [48]
Capitolo 4.

Package hyperref Warning: Token not allowed in a PDF string (PDFDocEncoding):
(hyperref)                removing `math shift' on input line 1067.


Package hyperref Warning: Token not allowed in a PDF string (PDFDocEncoding):
(hyperref)                removing `superscript' on input line 1067.


Package hyperref Warning: Token not allowed in a PDF string (PDFDocEncoding):
(hyperref)                removing `math shift' on input line 1067.

(seriali/iic.tex
Package epstopdf Info: Source file: <seriali/iic.eps>
(epstopdf)                    date: 2018-01-10 09:22:44
(epstopdf)                    size: 10867 bytes
(epstopdf)             Output file: <seriali/iic-eps-converted-to.pdf>
(epstopdf)                    date: 2018-01-10 09:24:06
(epstopdf)                    size: 2876 bytes
(epstopdf)             Command: <epstopdf --outfile=seriali/iic-eps-converted-t
o.pdf seriali/iic.eps>
(epstopdf)             \includegraphics on input line 15.
Package epstopdf Info: Output file is already uptodate.
<seriali/iic-eps-converted-to.pdf, id=701, pagebox=cropbox, 153.57375pt x 182.6
825pt>
File: seriali/iic-eps-converted-to.pdf Graphic file (type pdf)
<use seriali/iic-eps-converted-to.pdf>
Package pdftex.def Info: seriali/iic-eps-converted-to.pdf  used on input line 1
5. on input line 15.
Package pdftex.def Info: Requested size: 153.57336pt x 182.68204pt on input lin
e 15.

Overfull \hbox (7.15097pt too wide) in paragraph at lines 15--15
[][] 
 []

)
<seriali/iic_example.png, id=703, 426.59375pt x 150.5625pt>
File: seriali/iic_example.png Graphic file (type png)
<use seriali/iic_example.png>
Package pdftex.def Info: seriali/iic_example.png  used on input line 1087. on i
nput line 1087.
Package pdftex.def Info: Requested size: 215.0023pt x 75.88527pt on input line 
1087.
 [49

]
<seriali/start_condition.pdf, id=710, pagebox=cropbox, 120.45pt x 45.16875pt>
File: seriali/start_condition.pdf Graphic file (type pdf)
<use seriali/start_condition.pdf>
Package pdftex.def Info: seriali/start_condition.pdf  used on input line 1100. 
on input line 1100.
Package pdftex.def Info: Requested size: 129.00269pt x 48.38037pt on input line
 1100.
<seriali/iic_correct.pdf, id=712, pagebox=cropbox, 240.9pt x 45.16875pt>
File: seriali/iic_correct.pdf Graphic file (type pdf)
<use seriali/iic_correct.pdf>
Package pdftex.def Info: seriali/iic_correct.pdf  used on input line 1108. on i
nput line 1108.
Package pdftex.def Info: Requested size: 215.0023pt x 40.31377pt on input line 
1108.
<seriali/iic_error.pdf, id=713, pagebox=cropbox, 240.9pt x 45.16875pt>
File: seriali/iic_error.pdf Graphic file (type pdf)
<use seriali/iic_error.pdf>
Package pdftex.def Info: seriali/iic_error.pdf  used on input line 1113. on inp
ut line 1113.
Package pdftex.def Info: Requested size: 215.0023pt x 40.31377pt on input line 
1113.

Overfull \hbox (2.43332pt too wide) in paragraph at lines 1106--1116
[]$[]$ $[]$ 
 []

[50 <./seriali/iic-eps-converted-to.pdf> <./seriali/iic_example.png> <./seriali
/start_condition.pdf>]
<seriali/stop_condition.pdf, id=733, pagebox=cropbox, 150.5625pt x 45.16875pt>
File: seriali/stop_condition.pdf Graphic file (type pdf)
<use seriali/stop_condition.pdf>
Package pdftex.def Info: seriali/stop_condition.pdf  used on input line 1122. o
n input line 1122.
Package pdftex.def Info: Requested size: 129.00269pt x 38.70444pt on input line
 1122.
 [51 <./seriali/iic_correct.pdf> <./seriali/iic_error.pdf

pdfTeX warning: pdflatex.exe (file ./seriali/iic_error.pdf): PDF inclusion: mul
tiple pdfs with page group included in a single page
> <./seriali/stop_condition.pdf

pdfTeX warning: pdflatex.exe (file ./seriali/stop_condition.pdf): PDF inclusion
: multiple pdfs with page group included in a single page
>]
<seriali/spi_blocks.png, id=766, 364.36125pt x 289.08pt>
File: seriali/spi_blocks.png Graphic file (type png)
<use seriali/spi_blocks.png>
Package pdftex.def Info: seriali/spi_blocks.png  used on input line 1153. on in
put line 1153.
Package pdftex.def Info: Requested size: 215.0023pt x 170.57777pt on input line
 1153.
 [52 <./seriali/spi_blocks.png>] [53]
Capitolo 5.
[54

]
<emc/camera_anecoica.jpg, id=787, 1284.8pt x 963.6pt>
File: emc/camera_anecoica.jpg Graphic file (type jpg)
<use emc/camera_anecoica.jpg>
Package pdftex.def Info: emc/camera_anecoica.jpg  used on input line 1212. on i
nput line 1212.
Package pdftex.def Info: Requested size: 258.00539pt x 193.49586pt on input lin
e 1212.
<emc/trapezio.png, id=789, 940.26282pt x 503.63156pt>
File: emc/trapezio.png Graphic file (type png)
<use emc/trapezio.png>
Package pdftex.def Info: emc/trapezio.png  used on input line 1226. on input li
ne 1226.
Package pdftex.def Info: Requested size: 258.00539pt x 138.19556pt on input lin
e 1226.
<emc/spettro_trapezio.png, id=791, 1154.81438pt x 596.98032pt>
File: emc/spettro_trapezio.png Graphic file (type png)
<use emc/spettro_trapezio.png>
Package pdftex.def Info: emc/spettro_trapezio.png  used on input line 1235. on 
input line 1235.
Package pdftex.def Info: Requested size: 258.00539pt x 133.37653pt on input lin
e 1235.
 [55 <./emc/camera_anecoica.jpg>]

pdfTeX warning: pdflatex.exe (file ./emc/loop.pdf): PDF inclusion: found PDF ve
rsion <1.7>, but at most version <1.5> allowed
<emc/loop.pdf, id=801, pagebox=cropbox, 210.03468pt x 256.70906pt>
File: emc/loop.pdf Graphic file (type pdf)
<use emc/loop.pdf>
Package pdftex.def Info: emc/loop.pdf  used on input line 1250. on input line 1
250.
Package pdftex.def Info: Requested size: 129.00269pt x 157.66948pt on input lin
e 1250.


pdfTeX warning: pdflatex.exe (file ./emc/dipole.pdf): PDF inclusion: found PDF 
version <1.7>, but at most version <1.5> allowed
<emc/dipole.pdf, id=802, pagebox=cropbox, 274.02374pt x 191.21437pt>
File: emc/dipole.pdf Graphic file (type pdf)
<use emc/dipole.pdf>
Package pdftex.def Info: emc/dipole.pdf  used on input line 1256. on input line
 1256.
Package pdftex.def Info: Requested size: 215.0023pt x 150.03065pt on input line
 1256.
[56 <./emc/trapezio.png> <./emc/spettro_trapezio.png>]

pdfTeX warning: pdflatex.exe (file ./emc/diff_spettro.pdf): PDF inclusion: foun
d PDF version <1.7>, but at most version <1.5> allowed
<emc/diff_spettro.pdf, id=812, pagebox=cropbox, 453.19313pt x 309.40594pt>
File: emc/diff_spettro.pdf Graphic file (type pdf)
<use emc/diff_spettro.pdf>
Package pdftex.def Info: emc/diff_spettro.pdf  used on input line 1280. on inpu
t line 1280.
Package pdftex.def Info: Requested size: 258.00539pt x 176.14604pt on input lin
e 1280.
[57 <./emc/loop.pdf> <./emc/dipole.pdf

pdfTeX warning: pdflatex.exe (file ./emc/dipole.pdf): PDF inclusion: multiple p
dfs with page group included in a single page
> <./emc/diff_spettro.pdf

pdfTeX warning: pdflatex.exe (file ./emc/diff_spettro.pdf): PDF inclusion: mult
iple pdfs with page group included in a single page
>]

pdfTeX warning: pdflatex.exe (file ./emc/comm_spettro.pdf): PDF inclusion: foun
d PDF version <1.7>, but at most version <1.5> allowed
<emc/comm_spettro.pdf, id=839, pagebox=cropbox, 453.94594pt x 161.85469pt>
File: emc/comm_spettro.pdf Graphic file (type pdf)
<use emc/comm_spettro.pdf>
Package pdftex.def Info: emc/comm_spettro.pdf  used on input line 1307. on inpu
t line 1307.
Package pdftex.def Info: Requested size: 301.00192pt x 107.32329pt on input lin
e 1307.
[58 <./emc/comm_spettro.pdf>]
Package atveryend Info: Empty hook `BeforeClearDocument' on input line 1312.
Package atveryend Info: Empty hook `AfterLastShipout' on input line 1312.
 (ruoroch.aux (memorie/eprom.aux))
Package atveryend Info: Executing hook `AtVeryEndDocument' on input line 1312.
Package atveryend Info: Executing hook `AtEndAfterFileList' on input line 1312.

Package rerunfilecheck Info: File `ruoroch.out' has not changed.
(rerunfilecheck)             Checksum: 345746C388649C8AE7E28A4B6BE89778;3507.


LaTeX Warning: There were multiply-defined labels.

 ) 
Here is how much of TeX's memory you used:
 52487 strings out of 493318
 1274877 string characters out of 3138998
 1655355 words of memory out of 3000000
 55100 multiletter control sequences out of 15000+200000
 545859 words of font info for 78 fonts, out of 3000000 for 9000
 1141 hyphenation exceptions out of 8191
 71i,19n,107p,10381b,2210s stack positions out of 5000i,500n,10000p,200000b,50000s
 <C:\Users\Marco\AppData\Local\MiKTeX\2.9\fonts\pk\ljfour\jknappen\ec\dpi600\
tcrm1095.pk><C:/MiKTeX 2.9/fonts/type1/public/amsfonts/cm/cmbx10.pfb><C:/MiKTeX
 2.9/fonts/type1/public/amsfonts/cm/cmbx12.pfb><C:/MiKTeX 2.9/fonts/type1/publi
c/amsfonts/cm/cmcsc10.pfb><C:/MiKTeX 2.9/fonts/type1/public/amsfonts/cm/cmex10.
pfb><C:/MiKTeX 2.9/fonts/type1/public/amsfonts/cm/cmmi10.pfb><C:/MiKTeX 2.9/fon
ts/type1/public/amsfonts/cm/cmmi6.pfb><C:/MiKTeX 2.9/fonts/type1/public/amsfont
s/cm/cmmi8.pfb><C:/MiKTeX 2.9/fonts/type1/public/amsfonts/cm/cmr10.pfb><C:/MiKT
eX 2.9/fonts/type1/public/amsfonts/cm/cmr12.pfb><C:/MiKTeX 2.9/fonts/type1/publ
ic/amsfonts/cm/cmr17.pfb><C:/MiKTeX 2.9/fonts/type1/public/amsfonts/cm/cmr6.pfb
><C:/MiKTeX 2.9/fonts/type1/public/amsfonts/cm/cmr8.pfb><C:/MiKTeX 2.9/fonts/ty
pe1/public/amsfonts/cm/cmsy10.pfb><C:/MiKTeX 2.9/fonts/type1/public/amsfonts/cm
/cmsy8.pfb><C:/MiKTeX 2.9/fonts/type1/public/amsfonts/cm/cmti10.pfb>
Output written on ruoroch.pdf (59 pages, 5880465 bytes).
PDF statistics:
 949 PDF objects out of 1000 (max. 8388607)
 195 named destinations out of 1000 (max. 500000)
 814 words of extra memory for PDF output out of 10000 (max. 10000000)

